{
  "numTotalTestSuites": 193,
  "numPassedTestSuites": 168,
  "numFailedTestSuites": 25,
  "numPendingTestSuites": 0,
  "numTotalTests": 610,
  "numPassedTests": 520,
  "numFailedTests": 90,
  "numPendingTests": 0,
  "numTodoTests": 0,
  "snapshot": {
    "added": 0,
    "failure": false,
    "filesAdded": 0,
    "filesRemoved": 0,
    "filesRemovedList": [],
    "filesUnmatched": 0,
    "filesUpdated": 0,
    "matched": 0,
    "total": 0,
    "unchecked": 0,
    "uncheckedKeysByFile": [],
    "unmatched": 0,
    "updated": 0,
    "didUpdate": false
  },
  "startTime": 1776795551820,
  "success": false,
  "testResults": [
    {
      "assertionResults": [
        {
          "ancestorTitles": [
            "Docker Configuration Integration Tests",
            "Dockerfile"
          ],
          "fullName": "Docker Configuration Integration Tests Dockerfile should exist in project root",
          "status": "failed",
          "title": "should exist in project root",
          "duration": 12.378900000000044,
          "failureMessages": [
            "AssertionError: expected false to be true // Object.is equality\n    at E:/ts-collections/test/docker/docker.integration.test.ts:21:45\n    at file:///E:/ts-collections/node_modules/.pnpm/@vitest+runner@4.1.5/node_modules/@vitest/runner/dist/chunk-artifact.js:302:11\n    at file:///E:/ts-collections/node_modules/.pnpm/@vitest+runner@4.1.5/node_modules/@vitest/runner/dist/chunk-artifact.js:1903:26\n    at file:///E:/ts-collections/node_modules/.pnpm/@vitest+runner@4.1.5/node_modules/@vitest/runner/dist/chunk-artifact.js:2326:20\n    at new Promise (<anonymous>)\n    at runWithCancel (file:///E:/ts-collections/node_modules/.pnpm/@vitest+runner@4.1.5/node_modules/@vitest/runner/dist/chunk-artifact.js:2323:10)\n    at file:///E:/ts-collections/node_modules/.pnpm/@vitest+runner@4.1.5/node_modules/@vitest/runner/dist/chunk-artifact.js:2305:20\n    at new Promise (<anonymous>)\n    at runWithTimeout (file:///E:/ts-collections/node_modules/.pnpm/@vitest+runner@4.1.5/node_modules/@vitest/runner/dist/chunk-artifact.js:2272:10)\n    at file:///E:/ts-collections/node_modules/.pnpm/@vitest+runner@4.1.5/node_modules/@vitest/runner/dist/chunk-artifact.js:2955:64"
          ],
          "meta": {},
          "tags": []
        },
        {
          "ancestorTitles": [
            "Docker Configuration Integration Tests",
            "Dockerfile"
          ],
          "fullName": "Docker Configuration Integration Tests Dockerfile should contain all required stages",
          "status": "failed",
          "title": "should contain all required stages",
          "duration": 1.1183000000000902,
          "failureMessages": [
            "Error: ENOENT: no such file or directory, open 'E:\\ts-collections\\Dockerfile'\n    at Proxy.readFileSync (node:fs:441:20)\n    at E:/ts-collections/test/docker/docker.integration.test.ts:25:26\n    at file:///E:/ts-collections/node_modules/.pnpm/@vitest+runner@4.1.5/node_modules/@vitest/runner/dist/chunk-artifact.js:302:11\n    at file:///E:/ts-collections/node_modules/.pnpm/@vitest+runner@4.1.5/node_modules/@vitest/runner/dist/chunk-artifact.js:1903:26\n    at file:///E:/ts-collections/node_modules/.pnpm/@vitest+runner@4.1.5/node_modules/@vitest/runner/dist/chunk-artifact.js:2326:20\n    at new Promise (<anonymous>)\n    at runWithCancel (file:///E:/ts-collections/node_modules/.pnpm/@vitest+runner@4.1.5/node_modules/@vitest/runner/dist/chunk-artifact.js:2323:10)\n    at file:///E:/ts-collections/node_modules/.pnpm/@vitest+runner@4.1.5/node_modules/@vitest/runner/dist/chunk-artifact.js:2305:20\n    at new Promise (<anonymous>)\n    at runWithTimeout (file:///E:/ts-collections/node_modules/.pnpm/@vitest+runner@4.1.5/node_modules/@vitest/runner/dist/chunk-artifact.js:2272:10)"
          ],
          "meta": {},
          "tags": []
        },
        {
          "ancestorTitles": [
            "Docker Configuration Integration Tests",
            "Dockerfile"
          ],
          "fullName": "Docker Configuration Integration Tests Dockerfile should use multi-stage build pattern",
          "status": "failed",
          "title": "should use multi-stage build pattern",
          "duration": 0.805300000000102,
          "failureMessages": [
            "Error: ENOENT: no such file or directory, open 'E:\\ts-collections\\Dockerfile'\n    at Proxy.readFileSync (node:fs:441:20)\n    at E:/ts-collections/test/docker/docker.integration.test.ts:33:26\n    at file:///E:/ts-collections/node_modules/.pnpm/@vitest+runner@4.1.5/node_modules/@vitest/runner/dist/chunk-artifact.js:302:11\n    at file:///E:/ts-collections/node_modules/.pnpm/@vitest+runner@4.1.5/node_modules/@vitest/runner/dist/chunk-artifact.js:1903:26\n    at file:///E:/ts-collections/node_modules/.pnpm/@vitest+runner@4.1.5/node_modules/@vitest/runner/dist/chunk-artifact.js:2326:20\n    at new Promise (<anonymous>)\n    at runWithCancel (file:///E:/ts-collections/node_modules/.pnpm/@vitest+runner@4.1.5/node_modules/@vitest/runner/dist/chunk-artifact.js:2323:10)\n    at file:///E:/ts-collections/node_modules/.pnpm/@vitest+runner@4.1.5/node_modules/@vitest/runner/dist/chunk-artifact.js:2305:20\n    at new Promise (<anonymous>)\n    at runWithTimeout (file:///E:/ts-collections/node_modules/.pnpm/@vitest+runner@4.1.5/node_modules/@vitest/runner/dist/chunk-artifact.js:2272:10)"
          ],
          "meta": {},
          "tags": []
        },
        {
          "ancestorTitles": [
            "Docker Configuration Integration Tests",
            "Dockerfile"
          ],
          "fullName": "Docker Configuration Integration Tests Dockerfile should have proper WORKDIR configuration",
          "status": "failed",
          "title": "should have proper WORKDIR configuration",
          "duration": 0.6198000000000548,
          "failureMessages": [
            "Error: ENOENT: no such file or directory, open 'E:\\ts-collections\\Dockerfile'\n    at Proxy.readFileSync (node:fs:441:20)\n    at E:/ts-collections/test/docker/docker.integration.test.ts:40:26\n    at file:///E:/ts-collections/node_modules/.pnpm/@vitest+runner@4.1.5/node_modules/@vitest/runner/dist/chunk-artifact.js:302:11\n    at file:///E:/ts-collections/node_modules/.pnpm/@vitest+runner@4.1.5/node_modules/@vitest/runner/dist/chunk-artifact.js:1903:26\n    at file:///E:/ts-collections/node_modules/.pnpm/@vitest+runner@4.1.5/node_modules/@vitest/runner/dist/chunk-artifact.js:2326:20\n    at new Promise (<anonymous>)\n    at runWithCancel (file:///E:/ts-collections/node_modules/.pnpm/@vitest+runner@4.1.5/node_modules/@vitest/runner/dist/chunk-artifact.js:2323:10)\n    at file:///E:/ts-collections/node_modules/.pnpm/@vitest+runner@4.1.5/node_modules/@vitest/runner/dist/chunk-artifact.js:2305:20\n    at new Promise (<anonymous>)\n    at runWithTimeout (file:///E:/ts-collections/node_modules/.pnpm/@vitest+runner@4.1.5/node_modules/@vitest/runner/dist/chunk-artifact.js:2272:10)"
          ],
          "meta": {},
          "tags": []
        },
        {
          "ancestorTitles": [
            "Docker Configuration Integration Tests",
            "Dockerfile"
          ],
          "fullName": "Docker Configuration Integration Tests Dockerfile should copy package files before installing dependencies",
          "status": "failed",
          "title": "should copy package files before installing dependencies",
          "duration": 0.39229999999997744,
          "failureMessages": [
            "Error: ENOENT: no such file or directory, open 'E:\\ts-collections\\Dockerfile'\n    at Proxy.readFileSync (node:fs:441:20)\n    at E:/ts-collections/test/docker/docker.integration.test.ts:45:26\n    at file:///E:/ts-collections/node_modules/.pnpm/@vitest+runner@4.1.5/node_modules/@vitest/runner/dist/chunk-artifact.js:302:11\n    at file:///E:/ts-collections/node_modules/.pnpm/@vitest+runner@4.1.5/node_modules/@vitest/runner/dist/chunk-artifact.js:1903:26\n    at file:///E:/ts-collections/node_modules/.pnpm/@vitest+runner@4.1.5/node_modules/@vitest/runner/dist/chunk-artifact.js:2326:20\n    at new Promise (<anonymous>)\n    at runWithCancel (file:///E:/ts-collections/node_modules/.pnpm/@vitest+runner@4.1.5/node_modules/@vitest/runner/dist/chunk-artifact.js:2323:10)\n    at file:///E:/ts-collections/node_modules/.pnpm/@vitest+runner@4.1.5/node_modules/@vitest/runner/dist/chunk-artifact.js:2305:20\n    at new Promise (<anonymous>)\n    at runWithTimeout (file:///E:/ts-collections/node_modules/.pnpm/@vitest+runner@4.1.5/node_modules/@vitest/runner/dist/chunk-artifact.js:2272:10)"
          ],
          "meta": {},
          "tags": []
        },
        {
          "ancestorTitles": [
            "Docker Configuration Integration Tests",
            "Dockerfile"
          ],
          "fullName": "Docker Configuration Integration Tests Dockerfile should use npm ci instead of npm install",
          "status": "failed",
          "title": "should use npm ci instead of npm install",
          "duration": 0.4330999999999676,
          "failureMessages": [
            "Error: ENOENT: no such file or directory, open 'E:\\ts-collections\\Dockerfile'\n    at Proxy.readFileSync (node:fs:441:20)\n    at E:/ts-collections/test/docker/docker.integration.test.ts:65:26\n    at file:///E:/ts-collections/node_modules/.pnpm/@vitest+runner@4.1.5/node_modules/@vitest/runner/dist/chunk-artifact.js:302:11\n    at file:///E:/ts-collections/node_modules/.pnpm/@vitest+runner@4.1.5/node_modules/@vitest/runner/dist/chunk-artifact.js:1903:26\n    at file:///E:/ts-collections/node_modules/.pnpm/@vitest+runner@4.1.5/node_modules/@vitest/runner/dist/chunk-artifact.js:2326:20\n    at new Promise (<anonymous>)\n    at runWithCancel (file:///E:/ts-collections/node_modules/.pnpm/@vitest+runner@4.1.5/node_modules/@vitest/runner/dist/chunk-artifact.js:2323:10)\n    at file:///E:/ts-collections/node_modules/.pnpm/@vitest+runner@4.1.5/node_modules/@vitest/runner/dist/chunk-artifact.js:2305:20\n    at new Promise (<anonymous>)\n    at runWithTimeout (file:///E:/ts-collections/node_modules/.pnpm/@vitest+runner@4.1.5/node_modules/@vitest/runner/dist/chunk-artifact.js:2272:10)"
          ],
          "meta": {},
          "tags": []
        },
        {
          "ancestorTitles": [
            "Docker Configuration Integration Tests",
            "Dockerfile"
          ],
          "fullName": "Docker Configuration Integration Tests Dockerfile should have development stage with source code",
          "status": "failed",
          "title": "should have development stage with source code",
          "duration": 0.5431999999999562,
          "failureMessages": [
            "Error: ENOENT: no such file or directory, open 'E:\\ts-collections\\Dockerfile'\n    at Proxy.readFileSync (node:fs:441:20)\n    at E:/ts-collections/test/docker/docker.integration.test.ts:73:26\n    at file:///E:/ts-collections/node_modules/.pnpm/@vitest+runner@4.1.5/node_modules/@vitest/runner/dist/chunk-artifact.js:302:11\n    at file:///E:/ts-collections/node_modules/.pnpm/@vitest+runner@4.1.5/node_modules/@vitest/runner/dist/chunk-artifact.js:1903:26\n    at file:///E:/ts-collections/node_modules/.pnpm/@vitest+runner@4.1.5/node_modules/@vitest/runner/dist/chunk-artifact.js:2326:20\n    at new Promise (<anonymous>)\n    at runWithCancel (file:///E:/ts-collections/node_modules/.pnpm/@vitest+runner@4.1.5/node_modules/@vitest/runner/dist/chunk-artifact.js:2323:10)\n    at file:///E:/ts-collections/node_modules/.pnpm/@vitest+runner@4.1.5/node_modules/@vitest/runner/dist/chunk-artifact.js:2305:20\n    at new Promise (<anonymous>)\n    at runWithTimeout (file:///E:/ts-collections/node_modules/.pnpm/@vitest+runner@4.1.5/node_modules/@vitest/runner/dist/chunk-artifact.js:2272:10)"
          ],
          "meta": {},
          "tags": []
        },
        {
          "ancestorTitles": [
            "Docker Configuration Integration Tests",
            "Dockerfile"
          ],
          "fullName": "Docker Configuration Integration Tests Dockerfile should have production stage with minimal files",
          "status": "failed",
          "title": "should have production stage with minimal files",
          "duration": 0.3754000000000133,
          "failureMessages": [
            "Error: ENOENT: no such file or directory, open 'E:\\ts-collections\\Dockerfile'\n    at Proxy.readFileSync (node:fs:441:20)\n    at E:/ts-collections/test/docker/docker.integration.test.ts:79:26\n    at file:///E:/ts-collections/node_modules/.pnpm/@vitest+runner@4.1.5/node_modules/@vitest/runner/dist/chunk-artifact.js:302:11\n    at file:///E:/ts-collections/node_modules/.pnpm/@vitest+runner@4.1.5/node_modules/@vitest/runner/dist/chunk-artifact.js:1903:26\n    at file:///E:/ts-collections/node_modules/.pnpm/@vitest+runner@4.1.5/node_modules/@vitest/runner/dist/chunk-artifact.js:2326:20\n    at new Promise (<anonymous>)\n    at runWithCancel (file:///E:/ts-collections/node_modules/.pnpm/@vitest+runner@4.1.5/node_modules/@vitest/runner/dist/chunk-artifact.js:2323:10)\n    at file:///E:/ts-collections/node_modules/.pnpm/@vitest+runner@4.1.5/node_modules/@vitest/runner/dist/chunk-artifact.js:2305:20\n    at new Promise (<anonymous>)\n    at runWithTimeout (file:///E:/ts-collections/node_modules/.pnpm/@vitest+runner@4.1.5/node_modules/@vitest/runner/dist/chunk-artifact.js:2272:10)"
          ],
          "meta": {},
          "tags": []
        },
        {
          "ancestorTitles": [
            "Docker Configuration Integration Tests",
            "Dockerfile"
          ],
          "fullName": "Docker Configuration Integration Tests Dockerfile should use Alpine Linux for smaller image size",
          "status": "failed",
          "title": "should use Alpine Linux for smaller image size",
          "duration": 0.7028000000000247,
          "failureMessages": [
            "Error: ENOENT: no such file or directory, open 'E:\\ts-collections\\Dockerfile'\n    at Proxy.readFileSync (node:fs:441:20)\n    at E:/ts-collections/test/docker/docker.integration.test.ts:86:26\n    at file:///E:/ts-collections/node_modules/.pnpm/@vitest+runner@4.1.5/node_modules/@vitest/runner/dist/chunk-artifact.js:302:11\n    at file:///E:/ts-collections/node_modules/.pnpm/@vitest+runner@4.1.5/node_modules/@vitest/runner/dist/chunk-artifact.js:1903:26\n    at file:///E:/ts-collections/node_modules/.pnpm/@vitest+runner@4.1.5/node_modules/@vitest/runner/dist/chunk-artifact.js:2326:20\n    at new Promise (<anonymous>)\n    at runWithCancel (file:///E:/ts-collections/node_modules/.pnpm/@vitest+runner@4.1.5/node_modules/@vitest/runner/dist/chunk-artifact.js:2323:10)\n    at file:///E:/ts-collections/node_modules/.pnpm/@vitest+runner@4.1.5/node_modules/@vitest/runner/dist/chunk-artifact.js:2305:20\n    at new Promise (<anonymous>)\n    at runWithTimeout (file:///E:/ts-collections/node_modules/.pnpm/@vitest+runner@4.1.5/node_modules/@vitest/runner/dist/chunk-artifact.js:2272:10)"
          ],
          "meta": {},
          "tags": []
        },
        {
          "ancestorTitles": [
            "Docker Configuration Integration Tests",
            "Dockerfile"
          ],
          "fullName": "Docker Configuration Integration Tests Dockerfile should specify Node.js version",
          "status": "failed",
          "title": "should specify Node.js version",
          "duration": 0.44830000000001746,
          "failureMessages": [
            "Error: ENOENT: no such file or directory, open 'E:\\ts-collections\\Dockerfile'\n    at Proxy.readFileSync (node:fs:441:20)\n    at E:/ts-collections/test/docker/docker.integration.test.ts:91:26\n    at file:///E:/ts-collections/node_modules/.pnpm/@vitest+runner@4.1.5/node_modules/@vitest/runner/dist/chunk-artifact.js:302:11\n    at file:///E:/ts-collections/node_modules/.pnpm/@vitest+runner@4.1.5/node_modules/@vitest/runner/dist/chunk-artifact.js:1903:26\n    at file:///E:/ts-collections/node_modules/.pnpm/@vitest+runner@4.1.5/node_modules/@vitest/runner/dist/chunk-artifact.js:2326:20\n    at new Promise (<anonymous>)\n    at runWithCancel (file:///E:/ts-collections/node_modules/.pnpm/@vitest+runner@4.1.5/node_modules/@vitest/runner/dist/chunk-artifact.js:2323:10)\n    at file:///E:/ts-collections/node_modules/.pnpm/@vitest+runner@4.1.5/node_modules/@vitest/runner/dist/chunk-artifact.js:2305:20\n    at new Promise (<anonymous>)\n    at runWithTimeout (file:///E:/ts-collections/node_modules/.pnpm/@vitest+runner@4.1.5/node_modules/@vitest/runner/dist/chunk-artifact.js:2272:10)"
          ],
          "meta": {},
          "tags": []
        },
        {
          "ancestorTitles": [
            "Docker Configuration Integration Tests",
            "Dockerfile"
          ],
          "fullName": "Docker Configuration Integration Tests Dockerfile should have build stage that runs npm build",
          "status": "failed",
          "title": "should have build stage that runs npm build",
          "duration": 0.6684999999999945,
          "failureMessages": [
            "Error: ENOENT: no such file or directory, open 'E:\\ts-collections\\Dockerfile'\n    at Proxy.readFileSync (node:fs:441:20)\n    at E:/ts-collections/test/docker/docker.integration.test.ts:96:26\n    at file:///E:/ts-collections/node_modules/.pnpm/@vitest+runner@4.1.5/node_modules/@vitest/runner/dist/chunk-artifact.js:302:11\n    at file:///E:/ts-collections/node_modules/.pnpm/@vitest+runner@4.1.5/node_modules/@vitest/runner/dist/chunk-artifact.js:1903:26\n    at file:///E:/ts-collections/node_modules/.pnpm/@vitest+runner@4.1.5/node_modules/@vitest/runner/dist/chunk-artifact.js:2326:20\n    at new Promise (<anonymous>)\n    at runWithCancel (file:///E:/ts-collections/node_modules/.pnpm/@vitest+runner@4.1.5/node_modules/@vitest/runner/dist/chunk-artifact.js:2323:10)\n    at file:///E:/ts-collections/node_modules/.pnpm/@vitest+runner@4.1.5/node_modules/@vitest/runner/dist/chunk-artifact.js:2305:20\n    at new Promise (<anonymous>)\n    at runWithTimeout (file:///E:/ts-collections/node_modules/.pnpm/@vitest+runner@4.1.5/node_modules/@vitest/runner/dist/chunk-artifact.js:2272:10)"
          ],
          "meta": {},
          "tags": []
        },
        {
          "ancestorTitles": [
            "Docker Configuration Integration Tests",
            ".dockerignore"
          ],
          "fullName": "Docker Configuration Integration Tests .dockerignore should exist in project root",
          "status": "failed",
          "title": "should exist in project root",
          "duration": 1.1772999999999456,
          "failureMessages": [
            "AssertionError: expected false to be true // Object.is equality\n    at E:/ts-collections/test/docker/docker.integration.test.ts:104:47\n    at file:///E:/ts-collections/node_modules/.pnpm/@vitest+runner@4.1.5/node_modules/@vitest/runner/dist/chunk-artifact.js:302:11\n    at file:///E:/ts-collections/node_modules/.pnpm/@vitest+runner@4.1.5/node_modules/@vitest/runner/dist/chunk-artifact.js:1903:26\n    at file:///E:/ts-collections/node_modules/.pnpm/@vitest+runner@4.1.5/node_modules/@vitest/runner/dist/chunk-artifact.js:2326:20\n    at new Promise (<anonymous>)\n    at runWithCancel (file:///E:/ts-collections/node_modules/.pnpm/@vitest+runner@4.1.5/node_modules/@vitest/runner/dist/chunk-artifact.js:2323:10)\n    at file:///E:/ts-collections/node_modules/.pnpm/@vitest+runner@4.1.5/node_modules/@vitest/runner/dist/chunk-artifact.js:2305:20\n    at new Promise (<anonymous>)\n    at runWithTimeout (file:///E:/ts-collections/node_modules/.pnpm/@vitest+runner@4.1.5/node_modules/@vitest/runner/dist/chunk-artifact.js:2272:10)\n    at file:///E:/ts-collections/node_modules/.pnpm/@vitest+runner@4.1.5/node_modules/@vitest/runner/dist/chunk-artifact.js:2955:64"
          ],
          "meta": {},
          "tags": []
        },
        {
          "ancestorTitles": [
            "Docker Configuration Integration Tests",
            ".dockerignore"
          ],
          "fullName": "Docker Configuration Integration Tests .dockerignore should ignore node_modules",
          "status": "failed",
          "title": "should ignore node_modules",
          "duration": 0.5282000000000835,
          "failureMessages": [
            "Error: ENOENT: no such file or directory, open 'E:\\ts-collections\\.dockerignore'\n    at Proxy.readFileSync (node:fs:441:20)\n    at E:/ts-collections/test/docker/docker.integration.test.ts:108:26\n    at file:///E:/ts-collections/node_modules/.pnpm/@vitest+runner@4.1.5/node_modules/@vitest/runner/dist/chunk-artifact.js:302:11\n    at file:///E:/ts-collections/node_modules/.pnpm/@vitest+runner@4.1.5/node_modules/@vitest/runner/dist/chunk-artifact.js:1903:26\n    at file:///E:/ts-collections/node_modules/.pnpm/@vitest+runner@4.1.5/node_modules/@vitest/runner/dist/chunk-artifact.js:2326:20\n    at new Promise (<anonymous>)\n    at runWithCancel (file:///E:/ts-collections/node_modules/.pnpm/@vitest+runner@4.1.5/node_modules/@vitest/runner/dist/chunk-artifact.js:2323:10)\n    at file:///E:/ts-collections/node_modules/.pnpm/@vitest+runner@4.1.5/node_modules/@vitest/runner/dist/chunk-artifact.js:2305:20\n    at new Promise (<anonymous>)\n    at runWithTimeout (file:///E:/ts-collections/node_modules/.pnpm/@vitest+runner@4.1.5/node_modules/@vitest/runner/dist/chunk-artifact.js:2272:10)"
          ],
          "meta": {},
          "tags": []
        },
        {
          "ancestorTitles": [
            "Docker Configuration Integration Tests",
            ".dockerignore"
          ],
          "fullName": "Docker Configuration Integration Tests .dockerignore should ignore git files",
          "status": "failed",
          "title": "should ignore git files",
          "duration": 0.5007000000000517,
          "failureMessages": [
            "Error: ENOENT: no such file or directory, open 'E:\\ts-collections\\.dockerignore'\n    at Proxy.readFileSync (node:fs:441:20)\n    at E:/ts-collections/test/docker/docker.integration.test.ts:113:26\n    at file:///E:/ts-collections/node_modules/.pnpm/@vitest+runner@4.1.5/node_modules/@vitest/runner/dist/chunk-artifact.js:302:11\n    at file:///E:/ts-collections/node_modules/.pnpm/@vitest+runner@4.1.5/node_modules/@vitest/runner/dist/chunk-artifact.js:1903:26\n    at file:///E:/ts-collections/node_modules/.pnpm/@vitest+runner@4.1.5/node_modules/@vitest/runner/dist/chunk-artifact.js:2326:20\n    at new Promise (<anonymous>)\n    at runWithCancel (file:///E:/ts-collections/node_modules/.pnpm/@vitest+runner@4.1.5/node_modules/@vitest/runner/dist/chunk-artifact.js:2323:10)\n    at file:///E:/ts-collections/node_modules/.pnpm/@vitest+runner@4.1.5/node_modules/@vitest/runner/dist/chunk-artifact.js:2305:20\n    at new Promise (<anonymous>)\n    at runWithTimeout (file:///E:/ts-collections/node_modules/.pnpm/@vitest+runner@4.1.5/node_modules/@vitest/runner/dist/chunk-artifact.js:2272:10)"
          ],
          "meta": {},
          "tags": []
        },
        {
          "ancestorTitles": [
            "Docker Configuration Integration Tests",
            ".dockerignore"
          ],
          "fullName": "Docker Configuration Integration Tests .dockerignore should ignore build outputs",
          "status": "failed",
          "title": "should ignore build outputs",
          "duration": 0.4692000000000007,
          "failureMessages": [
            "Error: ENOENT: no such file or directory, open 'E:\\ts-collections\\.dockerignore'\n    at Proxy.readFileSync (node:fs:441:20)\n    at E:/ts-collections/test/docker/docker.integration.test.ts:118:26\n    at file:///E:/ts-collections/node_modules/.pnpm/@vitest+runner@4.1.5/node_modules/@vitest/runner/dist/chunk-artifact.js:302:11\n    at file:///E:/ts-collections/node_modules/.pnpm/@vitest+runner@4.1.5/node_modules/@vitest/runner/dist/chunk-artifact.js:1903:26\n    at file:///E:/ts-collections/node_modules/.pnpm/@vitest+runner@4.1.5/node_modules/@vitest/runner/dist/chunk-artifact.js:2326:20\n    at new Promise (<anonymous>)\n    at runWithCancel (file:///E:/ts-collections/node_modules/.pnpm/@vitest+runner@4.1.5/node_modules/@vitest/runner/dist/chunk-artifact.js:2323:10)\n    at file:///E:/ts-collections/node_modules/.pnpm/@vitest+runner@4.1.5/node_modules/@vitest/runner/dist/chunk-artifact.js:2305:20\n    at new Promise (<anonymous>)\n    at runWithTimeout (file:///E:/ts-collections/node_modules/.pnpm/@vitest+runner@4.1.5/node_modules/@vitest/runner/dist/chunk-artifact.js:2272:10)"
          ],
          "meta": {},
          "tags": []
        },
        {
          "ancestorTitles": [
            "Docker Configuration Integration Tests",
            ".dockerignore"
          ],
          "fullName": "Docker Configuration Integration Tests .dockerignore should ignore test coverage",
          "status": "failed",
          "title": "should ignore test coverage",
          "duration": 0.45040000000005875,
          "failureMessages": [
            "Error: ENOENT: no such file or directory, open 'E:\\ts-collections\\.dockerignore'\n    at Proxy.readFileSync (node:fs:441:20)\n    at E:/ts-collections/test/docker/docker.integration.test.ts:124:26\n    at file:///E:/ts-collections/node_modules/.pnpm/@vitest+runner@4.1.5/node_modules/@vitest/runner/dist/chunk-artifact.js:302:11\n    at file:///E:/ts-collections/node_modules/.pnpm/@vitest+runner@4.1.5/node_modules/@vitest/runner/dist/chunk-artifact.js:1903:26\n    at file:///E:/ts-collections/node_modules/.pnpm/@vitest+runner@4.1.5/node_modules/@vitest/runner/dist/chunk-artifact.js:2326:20\n    at new Promise (<anonymous>)\n    at runWithCancel (file:///E:/ts-collections/node_modules/.pnpm/@vitest+runner@4.1.5/node_modules/@vitest/runner/dist/chunk-artifact.js:2323:10)\n    at file:///E:/ts-collections/node_modules/.pnpm/@vitest+runner@4.1.5/node_modules/@vitest/runner/dist/chunk-artifact.js:2305:20\n    at new Promise (<anonymous>)\n    at runWithTimeout (file:///E:/ts-collections/node_modules/.pnpm/@vitest+runner@4.1.5/node_modules/@vitest/runner/dist/chunk-artifact.js:2272:10)"
          ],
          "meta": {},
          "tags": []
        },
        {
          "ancestorTitles": [
            "Docker Configuration Integration Tests",
            ".dockerignore"
          ],
          "fullName": "Docker Configuration Integration Tests .dockerignore should ignore IDE files",
          "status": "failed",
          "title": "should ignore IDE files",
          "duration": 0.587799999999902,
          "failureMessages": [
            "Error: ENOENT: no such file or directory, open 'E:\\ts-collections\\.dockerignore'\n    at Proxy.readFileSync (node:fs:441:20)\n    at E:/ts-collections/test/docker/docker.integration.test.ts:129:26\n    at file:///E:/ts-collections/node_modules/.pnpm/@vitest+runner@4.1.5/node_modules/@vitest/runner/dist/chunk-artifact.js:302:11\n    at file:///E:/ts-collections/node_modules/.pnpm/@vitest+runner@4.1.5/node_modules/@vitest/runner/dist/chunk-artifact.js:1903:26\n    at file:///E:/ts-collections/node_modules/.pnpm/@vitest+runner@4.1.5/node_modules/@vitest/runner/dist/chunk-artifact.js:2326:20\n    at new Promise (<anonymous>)\n    at runWithCancel (file:///E:/ts-collections/node_modules/.pnpm/@vitest+runner@4.1.5/node_modules/@vitest/runner/dist/chunk-artifact.js:2323:10)\n    at file:///E:/ts-collections/node_modules/.pnpm/@vitest+runner@4.1.5/node_modules/@vitest/runner/dist/chunk-artifact.js:2305:20\n    at new Promise (<anonymous>)\n    at runWithTimeout (file:///E:/ts-collections/node_modules/.pnpm/@vitest+runner@4.1.5/node_modules/@vitest/runner/dist/chunk-artifact.js:2272:10)"
          ],
          "meta": {},
          "tags": []
        },
        {
          "ancestorTitles": [
            "Docker Configuration Integration Tests",
            ".dockerignore"
          ],
          "fullName": "Docker Configuration Integration Tests .dockerignore should ignore environment files",
          "status": "failed",
          "title": "should ignore environment files",
          "duration": 0.46849999999994907,
          "failureMessages": [
            "Error: ENOENT: no such file or directory, open 'E:\\ts-collections\\.dockerignore'\n    at Proxy.readFileSync (node:fs:441:20)\n    at E:/ts-collections/test/docker/docker.integration.test.ts:134:26\n    at file:///E:/ts-collections/node_modules/.pnpm/@vitest+runner@4.1.5/node_modules/@vitest/runner/dist/chunk-artifact.js:302:11\n    at file:///E:/ts-collections/node_modules/.pnpm/@vitest+runner@4.1.5/node_modules/@vitest/runner/dist/chunk-artifact.js:1903:26\n    at file:///E:/ts-collections/node_modules/.pnpm/@vitest+runner@4.1.5/node_modules/@vitest/runner/dist/chunk-artifact.js:2326:20\n    at new Promise (<anonymous>)\n    at runWithCancel (file:///E:/ts-collections/node_modules/.pnpm/@vitest+runner@4.1.5/node_modules/@vitest/runner/dist/chunk-artifact.js:2323:10)\n    at file:///E:/ts-collections/node_modules/.pnpm/@vitest+runner@4.1.5/node_modules/@vitest/runner/dist/chunk-artifact.js:2305:20\n    at new Promise (<anonymous>)\n    at runWithTimeout (file:///E:/ts-collections/node_modules/.pnpm/@vitest+runner@4.1.5/node_modules/@vitest/runner/dist/chunk-artifact.js:2272:10)"
          ],
          "meta": {},
          "tags": []
        },
        {
          "ancestorTitles": [
            "Docker Configuration Integration Tests",
            ".dockerignore"
          ],
          "fullName": "Docker Configuration Integration Tests .dockerignore should ignore CI/CD files",
          "status": "failed",
          "title": "should ignore CI/CD files",
          "duration": 0.4863000000000284,
          "failureMessages": [
            "Error: ENOENT: no such file or directory, open 'E:\\ts-collections\\.dockerignore'\n    at Proxy.readFileSync (node:fs:441:20)\n    at E:/ts-collections/test/docker/docker.integration.test.ts:139:26\n    at file:///E:/ts-collections/node_modules/.pnpm/@vitest+runner@4.1.5/node_modules/@vitest/runner/dist/chunk-artifact.js:302:11\n    at file:///E:/ts-collections/node_modules/.pnpm/@vitest+runner@4.1.5/node_modules/@vitest/runner/dist/chunk-artifact.js:1903:26\n    at file:///E:/ts-collections/node_modules/.pnpm/@vitest+runner@4.1.5/node_modules/@vitest/runner/dist/chunk-artifact.js:2326:20\n    at new Promise (<anonymous>)\n    at runWithCancel (file:///E:/ts-collections/node_modules/.pnpm/@vitest+runner@4.1.5/node_modules/@vitest/runner/dist/chunk-artifact.js:2323:10)\n    at file:///E:/ts-collections/node_modules/.pnpm/@vitest+runner@4.1.5/node_modules/@vitest/runner/dist/chunk-artifact.js:2305:20\n    at new Promise (<anonymous>)\n    at runWithTimeout (file:///E:/ts-collections/node_modules/.pnpm/@vitest+runner@4.1.5/node_modules/@vitest/runner/dist/chunk-artifact.js:2272:10)"
          ],
          "meta": {},
          "tags": []
        },
        {
          "ancestorTitles": [
            "Docker Configuration Integration Tests",
            ".dockerignore"
          ],
          "fullName": "Docker Configuration Integration Tests .dockerignore should ignore documentation files",
          "status": "failed",
          "title": "should ignore documentation files",
          "duration": 0.5263999999999669,
          "failureMessages": [
            "Error: ENOENT: no such file or directory, open 'E:\\ts-collections\\.dockerignore'\n    at Proxy.readFileSync (node:fs:441:20)\n    at E:/ts-collections/test/docker/docker.integration.test.ts:144:26\n    at file:///E:/ts-collections/node_modules/.pnpm/@vitest+runner@4.1.5/node_modules/@vitest/runner/dist/chunk-artifact.js:302:11\n    at file:///E:/ts-collections/node_modules/.pnpm/@vitest+runner@4.1.5/node_modules/@vitest/runner/dist/chunk-artifact.js:1903:26\n    at file:///E:/ts-collections/node_modules/.pnpm/@vitest+runner@4.1.5/node_modules/@vitest/runner/dist/chunk-artifact.js:2326:20\n    at new Promise (<anonymous>)\n    at runWithCancel (file:///E:/ts-collections/node_modules/.pnpm/@vitest+runner@4.1.5/node_modules/@vitest/runner/dist/chunk-artifact.js:2323:10)\n    at file:///E:/ts-collections/node_modules/.pnpm/@vitest+runner@4.1.5/node_modules/@vitest/runner/dist/chunk-artifact.js:2305:20\n    at new Promise (<anonymous>)\n    at runWithTimeout (file:///E:/ts-collections/node_modules/.pnpm/@vitest+runner@4.1.5/node_modules/@vitest/runner/dist/chunk-artifact.js:2272:10)"
          ],
          "meta": {},
          "tags": []
        },
        {
          "ancestorTitles": [
            "Docker Configuration Integration Tests",
            ".dockerignore"
          ],
          "fullName": "Docker Configuration Integration Tests .dockerignore should ignore log files",
          "status": "failed",
          "title": "should ignore log files",
          "duration": 0.4272999999999456,
          "failureMessages": [
            "Error: ENOENT: no such file or directory, open 'E:\\ts-collections\\.dockerignore'\n    at Proxy.readFileSync (node:fs:441:20)\n    at E:/ts-collections/test/docker/docker.integration.test.ts:149:26\n    at file:///E:/ts-collections/node_modules/.pnpm/@vitest+runner@4.1.5/node_modules/@vitest/runner/dist/chunk-artifact.js:302:11\n    at file:///E:/ts-collections/node_modules/.pnpm/@vitest+runner@4.1.5/node_modules/@vitest/runner/dist/chunk-artifact.js:1903:26\n    at file:///E:/ts-collections/node_modules/.pnpm/@vitest+runner@4.1.5/node_modules/@vitest/runner/dist/chunk-artifact.js:2326:20\n    at new Promise (<anonymous>)\n    at runWithCancel (file:///E:/ts-collections/node_modules/.pnpm/@vitest+runner@4.1.5/node_modules/@vitest/runner/dist/chunk-artifact.js:2323:10)\n    at file:///E:/ts-collections/node_modules/.pnpm/@vitest+runner@4.1.5/node_modules/@vitest/runner/dist/chunk-artifact.js:2305:20\n    at new Promise (<anonymous>)\n    at runWithTimeout (file:///E:/ts-collections/node_modules/.pnpm/@vitest+runner@4.1.5/node_modules/@vitest/runner/dist/chunk-artifact.js:2272:10)"
          ],
          "meta": {},
          "tags": []
        },
        {
          "ancestorTitles": [
            "Docker Configuration Integration Tests",
            ".dockerignore"
          ],
          "fullName": "Docker Configuration Integration Tests .dockerignore should not ignore package-lock.json (needed for npm ci)",
          "status": "failed",
          "title": "should not ignore package-lock.json (needed for npm ci)",
          "duration": 0.48310000000003583,
          "failureMessages": [
            "Error: ENOENT: no such file or directory, open 'E:\\ts-collections\\.dockerignore'\n    at Proxy.readFileSync (node:fs:441:20)\n    at E:/ts-collections/test/docker/docker.integration.test.ts:154:26\n    at file:///E:/ts-collections/node_modules/.pnpm/@vitest+runner@4.1.5/node_modules/@vitest/runner/dist/chunk-artifact.js:302:11\n    at file:///E:/ts-collections/node_modules/.pnpm/@vitest+runner@4.1.5/node_modules/@vitest/runner/dist/chunk-artifact.js:1903:26\n    at file:///E:/ts-collections/node_modules/.pnpm/@vitest+runner@4.1.5/node_modules/@vitest/runner/dist/chunk-artifact.js:2326:20\n    at new Promise (<anonymous>)\n    at runWithCancel (file:///E:/ts-collections/node_modules/.pnpm/@vitest+runner@4.1.5/node_modules/@vitest/runner/dist/chunk-artifact.js:2323:10)\n    at file:///E:/ts-collections/node_modules/.pnpm/@vitest+runner@4.1.5/node_modules/@vitest/runner/dist/chunk-artifact.js:2305:20\n    at new Promise (<anonymous>)\n    at runWithTimeout (file:///E:/ts-collections/node_modules/.pnpm/@vitest+runner@4.1.5/node_modules/@vitest/runner/dist/chunk-artifact.js:2272:10)"
          ],
          "meta": {},
          "tags": []
        },
        {
          "ancestorTitles": [
            "Docker Configuration Integration Tests",
            ".dockerignore"
          ],
          "fullName": "Docker Configuration Integration Tests .dockerignore should have comments for clarity",
          "status": "failed",
          "title": "should have comments for clarity",
          "duration": 0.4552999999999656,
          "failureMessages": [
            "Error: ENOENT: no such file or directory, open 'E:\\ts-collections\\.dockerignore'\n    at Proxy.readFileSync (node:fs:441:20)\n    at E:/ts-collections/test/docker/docker.integration.test.ts:163:26\n    at file:///E:/ts-collections/node_modules/.pnpm/@vitest+runner@4.1.5/node_modules/@vitest/runner/dist/chunk-artifact.js:302:11\n    at file:///E:/ts-collections/node_modules/.pnpm/@vitest+runner@4.1.5/node_modules/@vitest/runner/dist/chunk-artifact.js:1903:26\n    at file:///E:/ts-collections/node_modules/.pnpm/@vitest+runner@4.1.5/node_modules/@vitest/runner/dist/chunk-artifact.js:2326:20\n    at new Promise (<anonymous>)\n    at runWithCancel (file:///E:/ts-collections/node_modules/.pnpm/@vitest+runner@4.1.5/node_modules/@vitest/runner/dist/chunk-artifact.js:2323:10)\n    at file:///E:/ts-collections/node_modules/.pnpm/@vitest+runner@4.1.5/node_modules/@vitest/runner/dist/chunk-artifact.js:2305:20\n    at new Promise (<anonymous>)\n    at runWithTimeout (file:///E:/ts-collections/node_modules/.pnpm/@vitest+runner@4.1.5/node_modules/@vitest/runner/dist/chunk-artifact.js:2272:10)"
          ],
          "meta": {},
          "tags": []
        },
        {
          "ancestorTitles": [
            "Docker Configuration Integration Tests",
            "docker-compose.yml"
          ],
          "fullName": "Docker Configuration Integration Tests docker-compose.yml should exist in project root",
          "status": "failed",
          "title": "should exist in project root",
          "duration": 0.9296999999999116,
          "failureMessages": [
            "AssertionError: expected false to be true // Object.is equality\n    at E:/ts-collections/test/docker/docker.integration.test.ts:170:48\n    at file:///E:/ts-collections/node_modules/.pnpm/@vitest+runner@4.1.5/node_modules/@vitest/runner/dist/chunk-artifact.js:302:11\n    at file:///E:/ts-collections/node_modules/.pnpm/@vitest+runner@4.1.5/node_modules/@vitest/runner/dist/chunk-artifact.js:1903:26\n    at file:///E:/ts-collections/node_modules/.pnpm/@vitest+runner@4.1.5/node_modules/@vitest/runner/dist/chunk-artifact.js:2326:20\n    at new Promise (<anonymous>)\n    at runWithCancel (file:///E:/ts-collections/node_modules/.pnpm/@vitest+runner@4.1.5/node_modules/@vitest/runner/dist/chunk-artifact.js:2323:10)\n    at file:///E:/ts-collections/node_modules/.pnpm/@vitest+runner@4.1.5/node_modules/@vitest/runner/dist/chunk-artifact.js:2305:20\n    at new Promise (<anonymous>)\n    at runWithTimeout (file:///E:/ts-collections/node_modules/.pnpm/@vitest+runner@4.1.5/node_modules/@vitest/runner/dist/chunk-artifact.js:2272:10)\n    at file:///E:/ts-collections/node_modules/.pnpm/@vitest+runner@4.1.5/node_modules/@vitest/runner/dist/chunk-artifact.js:2955:64"
          ],
          "meta": {},
          "tags": []
        },
        {
          "ancestorTitles": [
            "Docker Configuration Integration Tests",
            "docker-compose.yml"
          ],
          "fullName": "Docker Configuration Integration Tests docker-compose.yml should define services section",
          "status": "failed",
          "title": "should define services section",
          "duration": 0.5860000000000127,
          "failureMessages": [
            "Error: ENOENT: no such file or directory, open 'E:\\ts-collections\\docker-compose.yml'\n    at Proxy.readFileSync (node:fs:441:20)\n    at E:/ts-collections/test/docker/docker.integration.test.ts:174:26\n    at file:///E:/ts-collections/node_modules/.pnpm/@vitest+runner@4.1.5/node_modules/@vitest/runner/dist/chunk-artifact.js:302:11\n    at file:///E:/ts-collections/node_modules/.pnpm/@vitest+runner@4.1.5/node_modules/@vitest/runner/dist/chunk-artifact.js:1903:26\n    at file:///E:/ts-collections/node_modules/.pnpm/@vitest+runner@4.1.5/node_modules/@vitest/runner/dist/chunk-artifact.js:2326:20\n    at new Promise (<anonymous>)\n    at runWithCancel (file:///E:/ts-collections/node_modules/.pnpm/@vitest+runner@4.1.5/node_modules/@vitest/runner/dist/chunk-artifact.js:2323:10)\n    at file:///E:/ts-collections/node_modules/.pnpm/@vitest+runner@4.1.5/node_modules/@vitest/runner/dist/chunk-artifact.js:2305:20\n    at new Promise (<anonymous>)\n    at runWithTimeout (file:///E:/ts-collections/node_modules/.pnpm/@vitest+runner@4.1.5/node_modules/@vitest/runner/dist/chunk-artifact.js:2272:10)"
          ],
          "meta": {},
          "tags": []
        },
        {
          "ancestorTitles": [
            "Docker Configuration Integration Tests",
            "docker-compose.yml"
          ],
          "fullName": "Docker Configuration Integration Tests docker-compose.yml should have dev service",
          "status": "failed",
          "title": "should have dev service",
          "duration": 0.4823000000000093,
          "failureMessages": [
            "Error: ENOENT: no such file or directory, open 'E:\\ts-collections\\docker-compose.yml'\n    at Proxy.readFileSync (node:fs:441:20)\n    at E:/ts-collections/test/docker/docker.integration.test.ts:179:26\n    at file:///E:/ts-collections/node_modules/.pnpm/@vitest+runner@4.1.5/node_modules/@vitest/runner/dist/chunk-artifact.js:302:11\n    at file:///E:/ts-collections/node_modules/.pnpm/@vitest+runner@4.1.5/node_modules/@vitest/runner/dist/chunk-artifact.js:1903:26\n    at file:///E:/ts-collections/node_modules/.pnpm/@vitest+runner@4.1.5/node_modules/@vitest/runner/dist/chunk-artifact.js:2326:20\n    at new Promise (<anonymous>)\n    at runWithCancel (file:///E:/ts-collections/node_modules/.pnpm/@vitest+runner@4.1.5/node_modules/@vitest/runner/dist/chunk-artifact.js:2323:10)\n    at file:///E:/ts-collections/node_modules/.pnpm/@vitest+runner@4.1.5/node_modules/@vitest/runner/dist/chunk-artifact.js:2305:20\n    at new Promise (<anonymous>)\n    at runWithTimeout (file:///E:/ts-collections/node_modules/.pnpm/@vitest+runner@4.1.5/node_modules/@vitest/runner/dist/chunk-artifact.js:2272:10)"
          ],
          "meta": {},
          "tags": []
        },
        {
          "ancestorTitles": [
            "Docker Configuration Integration Tests",
            "docker-compose.yml"
          ],
          "fullName": "Docker Configuration Integration Tests docker-compose.yml should have test service",
          "status": "failed",
          "title": "should have test service",
          "duration": 0.4479000000000042,
          "failureMessages": [
            "Error: ENOENT: no such file or directory, open 'E:\\ts-collections\\docker-compose.yml'\n    at Proxy.readFileSync (node:fs:441:20)\n    at E:/ts-collections/test/docker/docker.integration.test.ts:184:26\n    at file:///E:/ts-collections/node_modules/.pnpm/@vitest+runner@4.1.5/node_modules/@vitest/runner/dist/chunk-artifact.js:302:11\n    at file:///E:/ts-collections/node_modules/.pnpm/@vitest+runner@4.1.5/node_modules/@vitest/runner/dist/chunk-artifact.js:1903:26\n    at file:///E:/ts-collections/node_modules/.pnpm/@vitest+runner@4.1.5/node_modules/@vitest/runner/dist/chunk-artifact.js:2326:20\n    at new Promise (<anonymous>)\n    at runWithCancel (file:///E:/ts-collections/node_modules/.pnpm/@vitest+runner@4.1.5/node_modules/@vitest/runner/dist/chunk-artifact.js:2323:10)\n    at file:///E:/ts-collections/node_modules/.pnpm/@vitest+runner@4.1.5/node_modules/@vitest/runner/dist/chunk-artifact.js:2305:20\n    at new Promise (<anonymous>)\n    at runWithTimeout (file:///E:/ts-collections/node_modules/.pnpm/@vitest+runner@4.1.5/node_modules/@vitest/runner/dist/chunk-artifact.js:2272:10)"
          ],
          "meta": {},
          "tags": []
        },
        {
          "ancestorTitles": [
            "Docker Configuration Integration Tests",
            "docker-compose.yml"
          ],
          "fullName": "Docker Configuration Integration Tests docker-compose.yml should have lint service",
          "status": "failed",
          "title": "should have lint service",
          "duration": 0.4248999999999796,
          "failureMessages": [
            "Error: ENOENT: no such file or directory, open 'E:\\ts-collections\\docker-compose.yml'\n    at Proxy.readFileSync (node:fs:441:20)\n    at E:/ts-collections/test/docker/docker.integration.test.ts:189:26\n    at file:///E:/ts-collections/node_modules/.pnpm/@vitest+runner@4.1.5/node_modules/@vitest/runner/dist/chunk-artifact.js:302:11\n    at file:///E:/ts-collections/node_modules/.pnpm/@vitest+runner@4.1.5/node_modules/@vitest/runner/dist/chunk-artifact.js:1903:26\n    at file:///E:/ts-collections/node_modules/.pnpm/@vitest+runner@4.1.5/node_modules/@vitest/runner/dist/chunk-artifact.js:2326:20\n    at new Promise (<anonymous>)\n    at runWithCancel (file:///E:/ts-collections/node_modules/.pnpm/@vitest+runner@4.1.5/node_modules/@vitest/runner/dist/chunk-artifact.js:2323:10)\n    at file:///E:/ts-collections/node_modules/.pnpm/@vitest+runner@4.1.5/node_modules/@vitest/runner/dist/chunk-artifact.js:2305:20\n    at new Promise (<anonymous>)\n    at runWithTimeout (file:///E:/ts-collections/node_modules/.pnpm/@vitest+runner@4.1.5/node_modules/@vitest/runner/dist/chunk-artifact.js:2272:10)"
          ],
          "meta": {},
          "tags": []
        },
        {
          "ancestorTitles": [
            "Docker Configuration Integration Tests",
            "docker-compose.yml"
          ],
          "fullName": "Docker Configuration Integration Tests docker-compose.yml should have build service",
          "status": "failed",
          "title": "should have build service",
          "duration": 0.45220000000006166,
          "failureMessages": [
            "Error: ENOENT: no such file or directory, open 'E:\\ts-collections\\docker-compose.yml'\n    at Proxy.readFileSync (node:fs:441:20)\n    at E:/ts-collections/test/docker/docker.integration.test.ts:194:26\n    at file:///E:/ts-collections/node_modules/.pnpm/@vitest+runner@4.1.5/node_modules/@vitest/runner/dist/chunk-artifact.js:302:11\n    at file:///E:/ts-collections/node_modules/.pnpm/@vitest+runner@4.1.5/node_modules/@vitest/runner/dist/chunk-artifact.js:1903:26\n    at file:///E:/ts-collections/node_modules/.pnpm/@vitest+runner@4.1.5/node_modules/@vitest/runner/dist/chunk-artifact.js:2326:20\n    at new Promise (<anonymous>)\n    at runWithCancel (file:///E:/ts-collections/node_modules/.pnpm/@vitest+runner@4.1.5/node_modules/@vitest/runner/dist/chunk-artifact.js:2323:10)\n    at file:///E:/ts-collections/node_modules/.pnpm/@vitest+runner@4.1.5/node_modules/@vitest/runner/dist/chunk-artifact.js:2305:20\n    at new Promise (<anonymous>)\n    at runWithTimeout (file:///E:/ts-collections/node_modules/.pnpm/@vitest+runner@4.1.5/node_modules/@vitest/runner/dist/chunk-artifact.js:2272:10)"
          ],
          "meta": {},
          "tags": []
        },
        {
          "ancestorTitles": [
            "Docker Configuration Integration Tests",
            "docker-compose.yml"
          ],
          "fullName": "Docker Configuration Integration Tests docker-compose.yml should have prod service",
          "status": "failed",
          "title": "should have prod service",
          "duration": 1.7947000000000344,
          "failureMessages": [
            "Error: ENOENT: no such file or directory, open 'E:\\ts-collections\\docker-compose.yml'\n    at Proxy.readFileSync (node:fs:441:20)\n    at E:/ts-collections/test/docker/docker.integration.test.ts:199:26\n    at file:///E:/ts-collections/node_modules/.pnpm/@vitest+runner@4.1.5/node_modules/@vitest/runner/dist/chunk-artifact.js:302:11\n    at file:///E:/ts-collections/node_modules/.pnpm/@vitest+runner@4.1.5/node_modules/@vitest/runner/dist/chunk-artifact.js:1903:26\n    at file:///E:/ts-collections/node_modules/.pnpm/@vitest+runner@4.1.5/node_modules/@vitest/runner/dist/chunk-artifact.js:2326:20\n    at new Promise (<anonymous>)\n    at runWithCancel (file:///E:/ts-collections/node_modules/.pnpm/@vitest+runner@4.1.5/node_modules/@vitest/runner/dist/chunk-artifact.js:2323:10)\n    at file:///E:/ts-collections/node_modules/.pnpm/@vitest+runner@4.1.5/node_modules/@vitest/runner/dist/chunk-artifact.js:2305:20\n    at new Promise (<anonymous>)\n    at runWithTimeout (file:///E:/ts-collections/node_modules/.pnpm/@vitest+runner@4.1.5/node_modules/@vitest/runner/dist/chunk-artifact.js:2272:10)"
          ],
          "meta": {},
          "tags": []
        },
        {
          "ancestorTitles": [
            "Docker Configuration Integration Tests",
            "docker-compose.yml"
          ],
          "fullName": "Docker Configuration Integration Tests docker-compose.yml should use development target for dev service",
          "status": "failed",
          "title": "should use development target for dev service",
          "duration": 0.40240000000005693,
          "failureMessages": [
            "Error: ENOENT: no such file or directory, open 'E:\\ts-collections\\docker-compose.yml'\n    at Proxy.readFileSync (node:fs:441:20)\n    at E:/ts-collections/test/docker/docker.integration.test.ts:204:26\n    at file:///E:/ts-collections/node_modules/.pnpm/@vitest+runner@4.1.5/node_modules/@vitest/runner/dist/chunk-artifact.js:302:11\n    at file:///E:/ts-collections/node_modules/.pnpm/@vitest+runner@4.1.5/node_modules/@vitest/runner/dist/chunk-artifact.js:1903:26\n    at file:///E:/ts-collections/node_modules/.pnpm/@vitest+runner@4.1.5/node_modules/@vitest/runner/dist/chunk-artifact.js:2326:20\n    at new Promise (<anonymous>)\n    at runWithCancel (file:///E:/ts-collections/node_modules/.pnpm/@vitest+runner@4.1.5/node_modules/@vitest/runner/dist/chunk-artifact.js:2323:10)\n    at file:///E:/ts-collections/node_modules/.pnpm/@vitest+runner@4.1.5/node_modules/@vitest/runner/dist/chunk-artifact.js:2305:20\n    at new Promise (<anonymous>)\n    at runWithTimeout (file:///E:/ts-collections/node_modules/.pnpm/@vitest+runner@4.1.5/node_modules/@vitest/runner/dist/chunk-artifact.js:2272:10)"
          ],
          "meta": {},
          "tags": []
        },
        {
          "ancestorTitles": [
            "Docker Configuration Integration Tests",
            "docker-compose.yml"
          ],
          "fullName": "Docker Configuration Integration Tests docker-compose.yml should use production target for prod service",
          "status": "failed",
          "title": "should use production target for prod service",
          "duration": 0.3832999999999629,
          "failureMessages": [
            "Error: ENOENT: no such file or directory, open 'E:\\ts-collections\\docker-compose.yml'\n    at Proxy.readFileSync (node:fs:441:20)\n    at E:/ts-collections/test/docker/docker.integration.test.ts:210:26\n    at file:///E:/ts-collections/node_modules/.pnpm/@vitest+runner@4.1.5/node_modules/@vitest/runner/dist/chunk-artifact.js:302:11\n    at file:///E:/ts-collections/node_modules/.pnpm/@vitest+runner@4.1.5/node_modules/@vitest/runner/dist/chunk-artifact.js:1903:26\n    at file:///E:/ts-collections/node_modules/.pnpm/@vitest+runner@4.1.5/node_modules/@vitest/runner/dist/chunk-artifact.js:2326:20\n    at new Promise (<anonymous>)\n    at runWithCancel (file:///E:/ts-collections/node_modules/.pnpm/@vitest+runner@4.1.5/node_modules/@vitest/runner/dist/chunk-artifact.js:2323:10)\n    at file:///E:/ts-collections/node_modules/.pnpm/@vitest+runner@4.1.5/node_modules/@vitest/runner/dist/chunk-artifact.js:2305:20\n    at new Promise (<anonymous>)\n    at runWithTimeout (file:///E:/ts-collections/node_modules/.pnpm/@vitest+runner@4.1.5/node_modules/@vitest/runner/dist/chunk-artifact.js:2272:10)"
          ],
          "meta": {},
          "tags": []
        },
        {
          "ancestorTitles": [
            "Docker Configuration Integration Tests",
            "docker-compose.yml"
          ],
          "fullName": "Docker Configuration Integration Tests docker-compose.yml should have volume mounts for dev service",
          "status": "failed",
          "title": "should have volume mounts for dev service",
          "duration": 0.42439999999999145,
          "failureMessages": [
            "Error: ENOENT: no such file or directory, open 'E:\\ts-collections\\docker-compose.yml'\n    at Proxy.readFileSync (node:fs:441:20)\n    at E:/ts-collections/test/docker/docker.integration.test.ts:216:26\n    at file:///E:/ts-collections/node_modules/.pnpm/@vitest+runner@4.1.5/node_modules/@vitest/runner/dist/chunk-artifact.js:302:11\n    at file:///E:/ts-collections/node_modules/.pnpm/@vitest+runner@4.1.5/node_modules/@vitest/runner/dist/chunk-artifact.js:1903:26\n    at file:///E:/ts-collections/node_modules/.pnpm/@vitest+runner@4.1.5/node_modules/@vitest/runner/dist/chunk-artifact.js:2326:20\n    at new Promise (<anonymous>)\n    at runWithCancel (file:///E:/ts-collections/node_modules/.pnpm/@vitest+runner@4.1.5/node_modules/@vitest/runner/dist/chunk-artifact.js:2323:10)\n    at file:///E:/ts-collections/node_modules/.pnpm/@vitest+runner@4.1.5/node_modules/@vitest/runner/dist/chunk-artifact.js:2305:20\n    at new Promise (<anonymous>)\n    at runWithTimeout (file:///E:/ts-collections/node_modules/.pnpm/@vitest+runner@4.1.5/node_modules/@vitest/runner/dist/chunk-artifact.js:2272:10)"
          ],
          "meta": {},
          "tags": []
        },
        {
          "ancestorTitles": [
            "Docker Configuration Integration Tests",
            "docker-compose.yml"
          ],
          "fullName": "Docker Configuration Integration Tests docker-compose.yml should have volume mounts for test service",
          "status": "failed",
          "title": "should have volume mounts for test service",
          "duration": 0.34940000000005966,
          "failureMessages": [
            "Error: ENOENT: no such file or directory, open 'E:\\ts-collections\\docker-compose.yml'\n    at Proxy.readFileSync (node:fs:441:20)\n    at E:/ts-collections/test/docker/docker.integration.test.ts:223:26\n    at file:///E:/ts-collections/node_modules/.pnpm/@vitest+runner@4.1.5/node_modules/@vitest/runner/dist/chunk-artifact.js:302:11\n    at file:///E:/ts-collections/node_modules/.pnpm/@vitest+runner@4.1.5/node_modules/@vitest/runner/dist/chunk-artifact.js:1903:26\n    at file:///E:/ts-collections/node_modules/.pnpm/@vitest+runner@4.1.5/node_modules/@vitest/runner/dist/chunk-artifact.js:2326:20\n    at new Promise (<anonymous>)\n    at runWithCancel (file:///E:/ts-collections/node_modules/.pnpm/@vitest+runner@4.1.5/node_modules/@vitest/runner/dist/chunk-artifact.js:2323:10)\n    at file:///E:/ts-collections/node_modules/.pnpm/@vitest+runner@4.1.5/node_modules/@vitest/runner/dist/chunk-artifact.js:2305:20\n    at new Promise (<anonymous>)\n    at runWithTimeout (file:///E:/ts-collections/node_modules/.pnpm/@vitest+runner@4.1.5/node_modules/@vitest/runner/dist/chunk-artifact.js:2272:10)"
          ],
          "meta": {},
          "tags": []
        },
        {
          "ancestorTitles": [
            "Docker Configuration Integration Tests",
            "docker-compose.yml"
          ],
          "fullName": "Docker Configuration Integration Tests docker-compose.yml should have proper commands for test service",
          "status": "failed",
          "title": "should have proper commands for test service",
          "duration": 0.41419999999993706,
          "failureMessages": [
            "Error: ENOENT: no such file or directory, open 'E:\\ts-collections\\docker-compose.yml'\n    at Proxy.readFileSync (node:fs:441:20)\n    at E:/ts-collections/test/docker/docker.integration.test.ts:230:26\n    at file:///E:/ts-collections/node_modules/.pnpm/@vitest+runner@4.1.5/node_modules/@vitest/runner/dist/chunk-artifact.js:302:11\n    at file:///E:/ts-collections/node_modules/.pnpm/@vitest+runner@4.1.5/node_modules/@vitest/runner/dist/chunk-artifact.js:1903:26\n    at file:///E:/ts-collections/node_modules/.pnpm/@vitest+runner@4.1.5/node_modules/@vitest/runner/dist/chunk-artifact.js:2326:20\n    at new Promise (<anonymous>)\n    at runWithCancel (file:///E:/ts-collections/node_modules/.pnpm/@vitest+runner@4.1.5/node_modules/@vitest/runner/dist/chunk-artifact.js:2323:10)\n    at file:///E:/ts-collections/node_modules/.pnpm/@vitest+runner@4.1.5/node_modules/@vitest/runner/dist/chunk-artifact.js:2305:20\n    at new Promise (<anonymous>)\n    at runWithTimeout (file:///E:/ts-collections/node_modules/.pnpm/@vitest+runner@4.1.5/node_modules/@vitest/runner/dist/chunk-artifact.js:2272:10)"
          ],
          "meta": {},
          "tags": []
        },
        {
          "ancestorTitles": [
            "Docker Configuration Integration Tests",
            "docker-compose.yml"
          ],
          "fullName": "Docker Configuration Integration Tests docker-compose.yml should have proper commands for lint service",
          "status": "failed",
          "title": "should have proper commands for lint service",
          "duration": 0.3523000000000138,
          "failureMessages": [
            "Error: ENOENT: no such file or directory, open 'E:\\ts-collections\\docker-compose.yml'\n    at Proxy.readFileSync (node:fs:441:20)\n    at E:/ts-collections/test/docker/docker.integration.test.ts:236:26\n    at file:///E:/ts-collections/node_modules/.pnpm/@vitest+runner@4.1.5/node_modules/@vitest/runner/dist/chunk-artifact.js:302:11\n    at file:///E:/ts-collections/node_modules/.pnpm/@vitest+runner@4.1.5/node_modules/@vitest/runner/dist/chunk-artifact.js:1903:26\n    at file:///E:/ts-collections/node_modules/.pnpm/@vitest+runner@4.1.5/node_modules/@vitest/runner/dist/chunk-artifact.js:2326:20\n    at new Promise (<anonymous>)\n    at runWithCancel (file:///E:/ts-collections/node_modules/.pnpm/@vitest+runner@4.1.5/node_modules/@vitest/runner/dist/chunk-artifact.js:2323:10)\n    at file:///E:/ts-collections/node_modules/.pnpm/@vitest+runner@4.1.5/node_modules/@vitest/runner/dist/chunk-artifact.js:2305:20\n    at new Promise (<anonymous>)\n    at runWithTimeout (file:///E:/ts-collections/node_modules/.pnpm/@vitest+runner@4.1.5/node_modules/@vitest/runner/dist/chunk-artifact.js:2272:10)"
          ],
          "meta": {},
          "tags": []
        },
        {
          "ancestorTitles": [
            "Docker Configuration Integration Tests",
            "docker-compose.yml"
          ],
          "fullName": "Docker Configuration Integration Tests docker-compose.yml should have proper commands for build service",
          "status": "failed",
          "title": "should have proper commands for build service",
          "duration": 0.4873999999999796,
          "failureMessages": [
            "Error: ENOENT: no such file or directory, open 'E:\\ts-collections\\docker-compose.yml'\n    at Proxy.readFileSync (node:fs:441:20)\n    at E:/ts-collections/test/docker/docker.integration.test.ts:242:26\n    at file:///E:/ts-collections/node_modules/.pnpm/@vitest+runner@4.1.5/node_modules/@vitest/runner/dist/chunk-artifact.js:302:11\n    at file:///E:/ts-collections/node_modules/.pnpm/@vitest+runner@4.1.5/node_modules/@vitest/runner/dist/chunk-artifact.js:1903:26\n    at file:///E:/ts-collections/node_modules/.pnpm/@vitest+runner@4.1.5/node_modules/@vitest/runner/dist/chunk-artifact.js:2326:20\n    at new Promise (<anonymous>)\n    at runWithCancel (file:///E:/ts-collections/node_modules/.pnpm/@vitest+runner@4.1.5/node_modules/@vitest/runner/dist/chunk-artifact.js:2323:10)\n    at file:///E:/ts-collections/node_modules/.pnpm/@vitest+runner@4.1.5/node_modules/@vitest/runner/dist/chunk-artifact.js:2305:20\n    at new Promise (<anonymous>)\n    at runWithTimeout (file:///E:/ts-collections/node_modules/.pnpm/@vitest+runner@4.1.5/node_modules/@vitest/runner/dist/chunk-artifact.js:2272:10)"
          ],
          "meta": {},
          "tags": []
        },
        {
          "ancestorTitles": [
            "Docker Configuration Integration Tests",
            "docker-compose.yml"
          ],
          "fullName": "Docker Configuration Integration Tests docker-compose.yml should have container names for all services",
          "status": "failed",
          "title": "should have container names for all services",
          "duration": 0.375,
          "failureMessages": [
            "Error: ENOENT: no such file or directory, open 'E:\\ts-collections\\docker-compose.yml'\n    at Proxy.readFileSync (node:fs:441:20)\n    at E:/ts-collections/test/docker/docker.integration.test.ts:249:26\n    at file:///E:/ts-collections/node_modules/.pnpm/@vitest+runner@4.1.5/node_modules/@vitest/runner/dist/chunk-artifact.js:302:11\n    at file:///E:/ts-collections/node_modules/.pnpm/@vitest+runner@4.1.5/node_modules/@vitest/runner/dist/chunk-artifact.js:1903:26\n    at file:///E:/ts-collections/node_modules/.pnpm/@vitest+runner@4.1.5/node_modules/@vitest/runner/dist/chunk-artifact.js:2326:20\n    at new Promise (<anonymous>)\n    at runWithCancel (file:///E:/ts-collections/node_modules/.pnpm/@vitest+runner@4.1.5/node_modules/@vitest/runner/dist/chunk-artifact.js:2323:10)\n    at file:///E:/ts-collections/node_modules/.pnpm/@vitest+runner@4.1.5/node_modules/@vitest/runner/dist/chunk-artifact.js:2305:20\n    at new Promise (<anonymous>)\n    at runWithTimeout (file:///E:/ts-collections/node_modules/.pnpm/@vitest+runner@4.1.5/node_modules/@vitest/runner/dist/chunk-artifact.js:2272:10)"
          ],
          "meta": {},
          "tags": []
        },
        {
          "ancestorTitles": [
            "Docker Configuration Integration Tests",
            "docker-compose.yml"
          ],
          "fullName": "Docker Configuration Integration Tests docker-compose.yml should have working directory specified",
          "status": "failed",
          "title": "should have working directory specified",
          "duration": 0.35990000000003874,
          "failureMessages": [
            "Error: ENOENT: no such file or directory, open 'E:\\ts-collections\\docker-compose.yml'\n    at Proxy.readFileSync (node:fs:441:20)\n    at E:/ts-collections/test/docker/docker.integration.test.ts:255:26\n    at file:///E:/ts-collections/node_modules/.pnpm/@vitest+runner@4.1.5/node_modules/@vitest/runner/dist/chunk-artifact.js:302:11\n    at file:///E:/ts-collections/node_modules/.pnpm/@vitest+runner@4.1.5/node_modules/@vitest/runner/dist/chunk-artifact.js:1903:26\n    at file:///E:/ts-collections/node_modules/.pnpm/@vitest+runner@4.1.5/node_modules/@vitest/runner/dist/chunk-artifact.js:2326:20\n    at new Promise (<anonymous>)\n    at runWithCancel (file:///E:/ts-collections/node_modules/.pnpm/@vitest+runner@4.1.5/node_modules/@vitest/runner/dist/chunk-artifact.js:2323:10)\n    at file:///E:/ts-collections/node_modules/.pnpm/@vitest+runner@4.1.5/node_modules/@vitest/runner/dist/chunk-artifact.js:2305:20\n    at new Promise (<anonymous>)\n    at runWithTimeout (file:///E:/ts-collections/node_modules/.pnpm/@vitest+runner@4.1.5/node_modules/@vitest/runner/dist/chunk-artifact.js:2272:10)"
          ],
          "meta": {},
          "tags": []
        },
        {
          "ancestorTitles": [
            "Docker Configuration Integration Tests",
            "docker-compose.yml"
          ],
          "fullName": "Docker Configuration Integration Tests docker-compose.yml should have stdin_open and tty for dev service",
          "status": "failed",
          "title": "should have stdin_open and tty for dev service",
          "duration": 0.6322999999999865,
          "failureMessages": [
            "Error: ENOENT: no such file or directory, open 'E:\\ts-collections\\docker-compose.yml'\n    at Proxy.readFileSync (node:fs:441:20)\n    at E:/ts-collections/test/docker/docker.integration.test.ts:260:26\n    at file:///E:/ts-collections/node_modules/.pnpm/@vitest+runner@4.1.5/node_modules/@vitest/runner/dist/chunk-artifact.js:302:11\n    at file:///E:/ts-collections/node_modules/.pnpm/@vitest+runner@4.1.5/node_modules/@vitest/runner/dist/chunk-artifact.js:1903:26\n    at file:///E:/ts-collections/node_modules/.pnpm/@vitest+runner@4.1.5/node_modules/@vitest/runner/dist/chunk-artifact.js:2326:20\n    at new Promise (<anonymous>)\n    at runWithCancel (file:///E:/ts-collections/node_modules/.pnpm/@vitest+runner@4.1.5/node_modules/@vitest/runner/dist/chunk-artifact.js:2323:10)\n    at file:///E:/ts-collections/node_modules/.pnpm/@vitest+runner@4.1.5/node_modules/@vitest/runner/dist/chunk-artifact.js:2305:20\n    at new Promise (<anonymous>)\n    at runWithTimeout (file:///E:/ts-collections/node_modules/.pnpm/@vitest+runner@4.1.5/node_modules/@vitest/runner/dist/chunk-artifact.js:2272:10)"
          ],
          "meta": {},
          "tags": []
        },
        {
          "ancestorTitles": [
            "Docker Configuration Integration Tests",
            "docker-compose.yml"
          ],
          "fullName": "Docker Configuration Integration Tests docker-compose.yml should not have version field (deprecated in Docker Compose v2+)",
          "status": "failed",
          "title": "should not have version field (deprecated in Docker Compose v2+)",
          "duration": 0.6182000000000016,
          "failureMessages": [
            "Error: ENOENT: no such file or directory, open 'E:\\ts-collections\\docker-compose.yml'\n    at Proxy.readFileSync (node:fs:441:20)\n    at E:/ts-collections/test/docker/docker.integration.test.ts:267:26\n    at file:///E:/ts-collections/node_modules/.pnpm/@vitest+runner@4.1.5/node_modules/@vitest/runner/dist/chunk-artifact.js:302:11\n    at file:///E:/ts-collections/node_modules/.pnpm/@vitest+runner@4.1.5/node_modules/@vitest/runner/dist/chunk-artifact.js:1903:26\n    at file:///E:/ts-collections/node_modules/.pnpm/@vitest+runner@4.1.5/node_modules/@vitest/runner/dist/chunk-artifact.js:2326:20\n    at new Promise (<anonymous>)\n    at runWithCancel (file:///E:/ts-collections/node_modules/.pnpm/@vitest+runner@4.1.5/node_modules/@vitest/runner/dist/chunk-artifact.js:2323:10)\n    at file:///E:/ts-collections/node_modules/.pnpm/@vitest+runner@4.1.5/node_modules/@vitest/runner/dist/chunk-artifact.js:2305:20\n    at new Promise (<anonymous>)\n    at runWithTimeout (file:///E:/ts-collections/node_modules/.pnpm/@vitest+runner@4.1.5/node_modules/@vitest/runner/dist/chunk-artifact.js:2272:10)"
          ],
          "meta": {},
          "tags": []
        },
        {
          "ancestorTitles": [
            "Docker Configuration Integration Tests",
            "docker-compose.yml"
          ],
          "fullName": "Docker Configuration Integration Tests docker-compose.yml should be valid YAML format",
          "status": "failed",
          "title": "should be valid YAML format",
          "duration": 0.5298000000000229,
          "failureMessages": [
            "Error: ENOENT: no such file or directory, open 'E:\\ts-collections\\docker-compose.yml'\n    at Proxy.readFileSync (node:fs:441:20)\n    at E:/ts-collections/test/docker/docker.integration.test.ts:274:26\n    at file:///E:/ts-collections/node_modules/.pnpm/@vitest+runner@4.1.5/node_modules/@vitest/runner/dist/chunk-artifact.js:302:11\n    at file:///E:/ts-collections/node_modules/.pnpm/@vitest+runner@4.1.5/node_modules/@vitest/runner/dist/chunk-artifact.js:1903:26\n    at file:///E:/ts-collections/node_modules/.pnpm/@vitest+runner@4.1.5/node_modules/@vitest/runner/dist/chunk-artifact.js:2326:20\n    at new Promise (<anonymous>)\n    at runWithCancel (file:///E:/ts-collections/node_modules/.pnpm/@vitest+runner@4.1.5/node_modules/@vitest/runner/dist/chunk-artifact.js:2323:10)\n    at file:///E:/ts-collections/node_modules/.pnpm/@vitest+runner@4.1.5/node_modules/@vitest/runner/dist/chunk-artifact.js:2305:20\n    at new Promise (<anonymous>)\n    at runWithTimeout (file:///E:/ts-collections/node_modules/.pnpm/@vitest+runner@4.1.5/node_modules/@vitest/runner/dist/chunk-artifact.js:2272:10)"
          ],
          "meta": {},
          "tags": []
        },
        {
          "ancestorTitles": [
            "Docker Configuration Integration Tests",
            "Docker Build Integration (if Docker is available)"
          ],
          "fullName": "Docker Configuration Integration Tests Docker Build Integration (if Docker is available) should build development image successfully",
          "status": "passed",
          "title": "should build development image successfully",
          "duration": 371.9697,
          "failureMessages": [],
          "meta": {},
          "tags": []
        },
        {
          "ancestorTitles": [
            "Docker Configuration Integration Tests",
            "Docker Build Integration (if Docker is available)"
          ],
          "fullName": "Docker Configuration Integration Tests Docker Build Integration (if Docker is available) should build production image successfully",
          "status": "passed",
          "title": "should build production image successfully",
          "duration": 517.7759000000001,
          "failureMessages": [],
          "meta": {},
          "tags": []
        },
        {
          "ancestorTitles": [
            "Docker Configuration Integration Tests",
            "Dockerfile Security Best Practices"
          ],
          "fullName": "Docker Configuration Integration Tests Dockerfile Security Best Practices should not run as root user in production",
          "status": "failed",
          "title": "should not run as root user in production",
          "duration": 1.3548000000000684,
          "failureMessages": [
            "Error: ENOENT: no such file or directory, open 'E:\\ts-collections\\Dockerfile'\n    at Proxy.readFileSync (node:fs:441:20)\n    at E:/ts-collections/test/docker/docker.integration.test.ts:332:26\n    at file:///E:/ts-collections/node_modules/.pnpm/@vitest+runner@4.1.5/node_modules/@vitest/runner/dist/chunk-artifact.js:302:11\n    at file:///E:/ts-collections/node_modules/.pnpm/@vitest+runner@4.1.5/node_modules/@vitest/runner/dist/chunk-artifact.js:1903:26\n    at file:///E:/ts-collections/node_modules/.pnpm/@vitest+runner@4.1.5/node_modules/@vitest/runner/dist/chunk-artifact.js:2326:20\n    at new Promise (<anonymous>)\n    at runWithCancel (file:///E:/ts-collections/node_modules/.pnpm/@vitest+runner@4.1.5/node_modules/@vitest/runner/dist/chunk-artifact.js:2323:10)\n    at file:///E:/ts-collections/node_modules/.pnpm/@vitest+runner@4.1.5/node_modules/@vitest/runner/dist/chunk-artifact.js:2305:20\n    at new Promise (<anonymous>)\n    at runWithTimeout (file:///E:/ts-collections/node_modules/.pnpm/@vitest+runner@4.1.5/node_modules/@vitest/runner/dist/chunk-artifact.js:2272:10)"
          ],
          "meta": {},
          "tags": []
        },
        {
          "ancestorTitles": [
            "Docker Configuration Integration Tests",
            "Dockerfile Security Best Practices"
          ],
          "fullName": "Docker Configuration Integration Tests Dockerfile Security Best Practices should use specific Node.js version, not 'latest'",
          "status": "failed",
          "title": "should use specific Node.js version, not 'latest'",
          "duration": 1.0562999999999647,
          "failureMessages": [
            "Error: ENOENT: no such file or directory, open 'E:\\ts-collections\\Dockerfile'\n    at Proxy.readFileSync (node:fs:441:20)\n    at E:/ts-collections/test/docker/docker.integration.test.ts:339:26\n    at file:///E:/ts-collections/node_modules/.pnpm/@vitest+runner@4.1.5/node_modules/@vitest/runner/dist/chunk-artifact.js:302:11\n    at file:///E:/ts-collections/node_modules/.pnpm/@vitest+runner@4.1.5/node_modules/@vitest/runner/dist/chunk-artifact.js:1903:26\n    at file:///E:/ts-collections/node_modules/.pnpm/@vitest+runner@4.1.5/node_modules/@vitest/runner/dist/chunk-artifact.js:2326:20\n    at new Promise (<anonymous>)\n    at runWithCancel (file:///E:/ts-collections/node_modules/.pnpm/@vitest+runner@4.1.5/node_modules/@vitest/runner/dist/chunk-artifact.js:2323:10)\n    at file:///E:/ts-collections/node_modules/.pnpm/@vitest+runner@4.1.5/node_modules/@vitest/runner/dist/chunk-artifact.js:2305:20\n    at new Promise (<anonymous>)\n    at runWithTimeout (file:///E:/ts-collections/node_modules/.pnpm/@vitest+runner@4.1.5/node_modules/@vitest/runner/dist/chunk-artifact.js:2272:10)"
          ],
          "meta": {},
          "tags": []
        },
        {
          "ancestorTitles": [
            "Docker Configuration Integration Tests",
            "Dockerfile Security Best Practices"
          ],
          "fullName": "Docker Configuration Integration Tests Dockerfile Security Best Practices should minimize number of layers",
          "status": "failed",
          "title": "should minimize number of layers",
          "duration": 0.9565000000000055,
          "failureMessages": [
            "Error: ENOENT: no such file or directory, open 'E:\\ts-collections\\Dockerfile'\n    at Proxy.readFileSync (node:fs:441:20)\n    at E:/ts-collections/test/docker/docker.integration.test.ts:345:26\n    at file:///E:/ts-collections/node_modules/.pnpm/@vitest+runner@4.1.5/node_modules/@vitest/runner/dist/chunk-artifact.js:302:11\n    at file:///E:/ts-collections/node_modules/.pnpm/@vitest+runner@4.1.5/node_modules/@vitest/runner/dist/chunk-artifact.js:1903:26\n    at file:///E:/ts-collections/node_modules/.pnpm/@vitest+runner@4.1.5/node_modules/@vitest/runner/dist/chunk-artifact.js:2326:20\n    at new Promise (<anonymous>)\n    at runWithCancel (file:///E:/ts-collections/node_modules/.pnpm/@vitest+runner@4.1.5/node_modules/@vitest/runner/dist/chunk-artifact.js:2323:10)\n    at file:///E:/ts-collections/node_modules/.pnpm/@vitest+runner@4.1.5/node_modules/@vitest/runner/dist/chunk-artifact.js:2305:20\n    at new Promise (<anonymous>)\n    at runWithTimeout (file:///E:/ts-collections/node_modules/.pnpm/@vitest+runner@4.1.5/node_modules/@vitest/runner/dist/chunk-artifact.js:2272:10)"
          ],
          "meta": {},
          "tags": []
        },
        {
          "ancestorTitles": [
            "Docker Configuration Integration Tests",
            "Docker Configuration Consistency"
          ],
          "fullName": "Docker Configuration Integration Tests Docker Configuration Consistency should use the same Node.js version across all stages",
          "status": "failed",
          "title": "should use the same Node.js version across all stages",
          "duration": 1.0489999999999782,
          "failureMessages": [
            "Error: ENOENT: no such file or directory, open 'E:\\ts-collections\\Dockerfile'\n    at Proxy.readFileSync (node:fs:441:20)\n    at E:/ts-collections/test/docker/docker.integration.test.ts:356:26\n    at file:///E:/ts-collections/node_modules/.pnpm/@vitest+runner@4.1.5/node_modules/@vitest/runner/dist/chunk-artifact.js:302:11\n    at file:///E:/ts-collections/node_modules/.pnpm/@vitest+runner@4.1.5/node_modules/@vitest/runner/dist/chunk-artifact.js:1903:26\n    at file:///E:/ts-collections/node_modules/.pnpm/@vitest+runner@4.1.5/node_modules/@vitest/runner/dist/chunk-artifact.js:2326:20\n    at new Promise (<anonymous>)\n    at runWithCancel (file:///E:/ts-collections/node_modules/.pnpm/@vitest+runner@4.1.5/node_modules/@vitest/runner/dist/chunk-artifact.js:2323:10)\n    at file:///E:/ts-collections/node_modules/.pnpm/@vitest+runner@4.1.5/node_modules/@vitest/runner/dist/chunk-artifact.js:2305:20\n    at new Promise (<anonymous>)\n    at runWithTimeout (file:///E:/ts-collections/node_modules/.pnpm/@vitest+runner@4.1.5/node_modules/@vitest/runner/dist/chunk-artifact.js:2272:10)"
          ],
          "meta": {},
          "tags": []
        },
        {
          "ancestorTitles": [
            "Docker Configuration Integration Tests",
            "Docker Configuration Consistency"
          ],
          "fullName": "Docker Configuration Integration Tests Docker Configuration Consistency should have consistent working directory",
          "status": "failed",
          "title": "should have consistent working directory",
          "duration": 0.9927999999999884,
          "failureMessages": [
            "Error: ENOENT: no such file or directory, open 'E:\\ts-collections\\Dockerfile'\n    at Proxy.readFileSync (node:fs:441:20)\n    at E:/ts-collections/test/docker/docker.integration.test.ts:366:26\n    at file:///E:/ts-collections/node_modules/.pnpm/@vitest+runner@4.1.5/node_modules/@vitest/runner/dist/chunk-artifact.js:302:11\n    at file:///E:/ts-collections/node_modules/.pnpm/@vitest+runner@4.1.5/node_modules/@vitest/runner/dist/chunk-artifact.js:1903:26\n    at file:///E:/ts-collections/node_modules/.pnpm/@vitest+runner@4.1.5/node_modules/@vitest/runner/dist/chunk-artifact.js:2326:20\n    at new Promise (<anonymous>)\n    at runWithCancel (file:///E:/ts-collections/node_modules/.pnpm/@vitest+runner@4.1.5/node_modules/@vitest/runner/dist/chunk-artifact.js:2323:10)\n    at file:///E:/ts-collections/node_modules/.pnpm/@vitest+runner@4.1.5/node_modules/@vitest/runner/dist/chunk-artifact.js:2305:20\n    at new Promise (<anonymous>)\n    at runWithTimeout (file:///E:/ts-collections/node_modules/.pnpm/@vitest+runner@4.1.5/node_modules/@vitest/runner/dist/chunk-artifact.js:2272:10)"
          ],
          "meta": {},
          "tags": []
        },
        {
          "ancestorTitles": [
            "Docker Configuration Integration Tests",
            "Docker Configuration Consistency"
          ],
          "fullName": "Docker Configuration Integration Tests Docker Configuration Consistency docker-compose services should reference Dockerfile targets",
          "status": "failed",
          "title": "docker-compose services should reference Dockerfile targets",
          "duration": 0.9145999999998367,
          "failureMessages": [
            "Error: ENOENT: no such file or directory, open 'E:\\ts-collections\\Dockerfile'\n    at Proxy.readFileSync (node:fs:441:20)\n    at E:/ts-collections/test/docker/docker.integration.test.ts:377:36\n    at file:///E:/ts-collections/node_modules/.pnpm/@vitest+runner@4.1.5/node_modules/@vitest/runner/dist/chunk-artifact.js:302:11\n    at file:///E:/ts-collections/node_modules/.pnpm/@vitest+runner@4.1.5/node_modules/@vitest/runner/dist/chunk-artifact.js:1903:26\n    at file:///E:/ts-collections/node_modules/.pnpm/@vitest+runner@4.1.5/node_modules/@vitest/runner/dist/chunk-artifact.js:2326:20\n    at new Promise (<anonymous>)\n    at runWithCancel (file:///E:/ts-collections/node_modules/.pnpm/@vitest+runner@4.1.5/node_modules/@vitest/runner/dist/chunk-artifact.js:2323:10)\n    at file:///E:/ts-collections/node_modules/.pnpm/@vitest+runner@4.1.5/node_modules/@vitest/runner/dist/chunk-artifact.js:2305:20\n    at new Promise (<anonymous>)\n    at runWithTimeout (file:///E:/ts-collections/node_modules/.pnpm/@vitest+runner@4.1.5/node_modules/@vitest/runner/dist/chunk-artifact.js:2272:10)"
          ],
          "meta": {},
          "tags": []
        },
        {
          "ancestorTitles": [
            "Docker Configuration Integration Tests",
            "Edge Cases and Error Scenarios"
          ],
          "fullName": "Docker Configuration Integration Tests Edge Cases and Error Scenarios should handle missing package-lock.json gracefully",
          "status": "failed",
          "title": "should handle missing package-lock.json gracefully",
          "duration": 0.8571000000001732,
          "failureMessages": [
[...]
          "duration": 0.05810000000008131,
          "failureMessages": [],
          "meta": {},
          "tags": []
        },
        {
          "ancestorTitles": ["HashSet - Core Methods", "isEmpty method"],
          "fullName": "HashSet - Core Methods isEmpty method should return true for empty set",
          "status": "passed",
          "title": "should return true for empty set",
          "duration": 0.04930000000001655,
          "failureMessages": [],
          "meta": {},
          "tags": []
        },
        {
          "ancestorTitles": ["HashSet - Core Methods", "isEmpty method"],
          "fullName": "HashSet - Core Methods isEmpty method should return false when set has elements",
          "status": "passed",
          "title": "should return false when set has elements",
          "duration": 0.045900000000074215,
          "failureMessages": [],
          "meta": {},
          "tags": []
        },
        {
          "ancestorTitles": ["HashSet - Core Methods", "isEmpty method"],
          "fullName": "HashSet - Core Methods isEmpty method should return true after clearing",
          "status": "passed",
          "title": "should return true after clearing",
          "duration": 0.04349999999999454,
          "failureMessages": [],
          "meta": {},
          "tags": []
        },
        {
          "ancestorTitles": ["HashSet - Core Methods", "handling object keys"],
          "fullName": "HashSet - Core Methods handling object keys should handle numeric elements",
          "status": "passed",
          "title": "should handle numeric elements",
          "duration": 0.06910000000004857,
          "failureMessages": [],
          "meta": {},
          "tags": []
        },
        {
          "ancestorTitles": ["HashSet - Core Methods", "handling object keys"],
          "fullName": "HashSet - Core Methods handling object keys should handle string elements",
          "status": "passed",
          "title": "should handle string elements",
          "duration": 0.12130000000001928,
          "failureMessages": [],
          "meta": {},
          "tags": []
        },
        {
          "ancestorTitles": ["HashSet - Core Methods", "handling object keys"],
          "fullName": "HashSet - Core Methods handling object keys should handle object references",
          "status": "passed",
          "title": "should handle object references",
          "duration": 0.08389999999997144,
          "failureMessages": [],
          "meta": {},
          "tags": []
        },
        {
          "ancestorTitles": ["HashSet - Core Methods", "collision handling"],
          "fullName": "HashSet - Core Methods collision handling should handle many elements",
          "status": "passed",
          "title": "should handle many elements",
          "duration": 0.11099999999999,
          "failureMessages": [],
          "meta": {},
          "tags": []
        },
        {
          "ancestorTitles": ["HashSet - Core Methods", "collision handling"],
          "fullName": "HashSet - Core Methods collision handling should maintain uniqueness with many elements",
          "status": "passed",
          "title": "should maintain uniqueness with many elements",
          "duration": 0.07550000000003365,
          "failureMessages": [],
          "meta": {},
          "tags": []
        },
        {
          "ancestorTitles": ["HashSet - Core Methods", "edge cases"],
          "fullName": "HashSet - Core Methods edge cases should handle alternating add and remove",
          "status": "passed",
          "title": "should handle alternating add and remove",
          "duration": 0.07799999999997453,
          "failureMessages": [],
          "meta": {},
          "tags": []
        },
        {
          "ancestorTitles": ["HashSet - Core Methods", "edge cases"],
          "fullName": "HashSet - Core Methods edge cases should handle removing and re-adding same element",
          "status": "passed",
          "title": "should handle removing and re-adding same element",
          "duration": 0.058699999999930697,
          "failureMessages": [],
          "meta": {},
          "tags": []
        },
        {
          "ancestorTitles": ["HashSet - Core Methods", "edge cases"],
          "fullName": "HashSet - Core Methods edge cases should maintain integrity after multiple operations",
          "status": "passed",
          "title": "should maintain integrity after multiple operations",
          "duration": 0.09100000000000819,
          "failureMessages": [],
          "meta": {},
          "tags": []
        },
        {
          "ancestorTitles": ["HashSet - Core Methods", "edge cases"],
          "fullName": "HashSet - Core Methods edge cases should handle removing elements multiple times",
          "status": "passed",
          "title": "should handle removing elements multiple times",
          "duration": 0.0766999999999598,
          "failureMessages": [],
          "meta": {},
          "tags": []
        },
        {
          "ancestorTitles": [
            "HashSet - Core Methods",
            "inherited Collection methods"
          ],
          "fullName": "HashSet - Core Methods inherited Collection methods should implement containsAll",
          "status": "passed",
          "title": "should implement containsAll",
          "duration": 0.1027000000000271,
          "failureMessages": [],
          "meta": {},
          "tags": []
        },
        {
          "ancestorTitles": [
            "HashSet - Core Methods",
            "inherited Collection methods"
          ],
          "fullName": "HashSet - Core Methods inherited Collection methods should implement addAll correctly for sets",
          "status": "passed",
          "title": "should implement addAll correctly for sets",
          "duration": 0.19889999999998054,
          "failureMessages": [],
          "meta": {},
          "tags": []
        },
        {
          "ancestorTitles": [
            "HashSet - Core Methods",
            "inherited Collection methods"
          ],
          "fullName": "HashSet - Core Methods inherited Collection methods should implement removeAll correctly for sets",
          "status": "passed",
          "title": "should implement removeAll correctly for sets",
          "duration": 0.16909999999995762,
          "failureMessages": [],
          "meta": {},
          "tags": []
        },
        {
          "ancestorTitles": [
            "HashSet - Core Methods",
            "inherited Collection methods"
          ],
          "fullName": "HashSet - Core Methods inherited Collection methods should implement retainAll correctly for sets",
          "status": "passed",
          "title": "should implement retainAll correctly for sets",
          "duration": 0.11509999999998399,
          "failureMessages": [],
          "meta": {},
          "tags": []
        }
      ],
      "startTime": 1776795552927,
      "endTime": 1776795552941.115,
      "status": "passed",
      "message": "",
      "name": "E:/ts-collections/test/set/HashSet.test.ts"
    },
    {
      "assertionResults": [
        {
          "ancestorTitles": ["Stack Interface", "push"],
          "fullName": "Stack Interface push should push element onto stack",
          "status": "passed",
          "title": "should push element onto stack",
          "duration": 2.6626999999999725,
          "failureMessages": [],
          "meta": {},
          "tags": []
        },
        {
          "ancestorTitles": ["Stack Interface", "push"],
          "fullName": "Stack Interface push should allow pushing duplicate elements",
          "status": "passed",
          "title": "should allow pushing duplicate elements",
          "duration": 0.4072999999999638,
          "failureMessages": [],
          "meta": {},
          "tags": []
        },
        {
          "ancestorTitles": ["Stack Interface", "pop"],
          "fullName": "Stack Interface pop should pop elements in LIFO order",
          "status": "passed",
          "title": "should pop elements in LIFO order",
          "duration": 0.45620000000008076,
          "failureMessages": [],
          "meta": {},
          "tags": []
        },
        {
          "ancestorTitles": ["Stack Interface", "pop"],
          "fullName": "Stack Interface pop should return undefined when stack is empty",
          "status": "passed",
          "title": "should return undefined when stack is empty",
          "duration": 0.45709999999996853,
          "failureMessages": [],
          "meta": {},
          "tags": []
        },
        {
          "ancestorTitles": ["Stack Interface", "peek"],
          "fullName": "Stack Interface peek should return top element without removing it",
          "status": "passed",
          "title": "should return top element without removing it",
          "duration": 0.3387000000000171,
          "failureMessages": [],
          "meta": {},
          "tags": []
        },
        {
          "ancestorTitles": ["Stack Interface", "peek"],
          "fullName": "Stack Interface peek should return undefined when stack is empty",
          "status": "passed",
          "title": "should return undefined when stack is empty",
          "duration": 0.18499999999994543,
          "failureMessages": [],
          "meta": {},
          "tags": []
        },
        {
          "ancestorTitles": ["Stack Interface", "LIFO behavior"],
          "fullName": "Stack Interface LIFO behavior should maintain LIFO order through push/pop cycle",
          "status": "passed",
          "title": "should maintain LIFO order through push/pop cycle",
          "duration": 0.9594000000000733,
          "failureMessages": [],
          "meta": {},
          "tags": []
        },
        {
          "ancestorTitles": ["Stack Interface", "LIFO behavior"],
          "fullName": "Stack Interface LIFO behavior should maintain order with mixed operations",
          "status": "passed",
          "title": "should maintain order with mixed operations",
          "duration": 0.3203000000000884,
          "failureMessages": [],
          "meta": {},
          "tags": []
        },
        {
          "ancestorTitles": [
            "Stack Interface",
            "Collection interface integration"
          ],
          "fullName": "Stack Interface Collection interface integration should report size via size and length",
          "status": "passed",
          "title": "should report size via size and length",
          "duration": 0.5562999999999647,
          "failureMessages": [],
          "meta": {},
          "tags": []
        },
        {
          "ancestorTitles": [
            "Stack Interface",
            "Collection interface integration"
          ],
          "fullName": "Stack Interface Collection interface integration should support isEmpty",
          "status": "passed",
          "title": "should support isEmpty",
          "duration": 0.265700000000038,
          "failureMessages": [],
          "meta": {},
          "tags": []
        },
        {
          "ancestorTitles": [
            "Stack Interface",
            "Collection interface integration"
          ],
          "fullName": "Stack Interface Collection interface integration should support contains",
          "status": "passed",
          "title": "should support contains",
          "duration": 0.21019999999998618,
          "failureMessages": [],
          "meta": {},
          "tags": []
        },
        {
          "ancestorTitles": [
            "Stack Interface",
            "Collection interface integration"
          ],
          "fullName": "Stack Interface Collection interface integration should support add alias for push",
          "status": "passed",
          "title": "should support add alias for push",
          "duration": 0.12009999999997945,
          "failureMessages": [],
          "meta": {},
          "tags": []
        },
        {
          "ancestorTitles": [
            "Stack Interface",
            "Collection interface integration"
          ],
          "fullName": "Stack Interface Collection interface integration should support remove by value",
          "status": "passed",
          "title": "should support remove by value",
          "duration": 0.2765000000000555,
          "failureMessages": [],
          "meta": {},
          "tags": []
        },
        {
          "ancestorTitles": ["Stack Interface", "iterator"],
          "fullName": "Stack Interface iterator should iterate from top to bottom",
          "status": "passed",
          "title": "should iterate from top to bottom",
          "duration": 0.2055000000000291,
          "failureMessages": [],
          "meta": {},
          "tags": []
        },
        {
          "ancestorTitles": ["Stack Interface", "iterator"],
          "fullName": "Stack Interface iterator should report no elements for empty stack",
          "status": "passed",
          "title": "should report no elements for empty stack",
          "duration": 0.1088000000000875,
          "failureMessages": [],
          "meta": {},
          "tags": []
        },
        {
          "ancestorTitles": ["Stack Interface", "toArray"],
          "fullName": "Stack Interface toArray should return elements from top to bottom",
          "status": "passed",
          "title": "should return elements from top to bottom",
          "duration": 0.175200000000018,
          "failureMessages": [],
          "meta": {},
          "tags": []
        },
        {
          "ancestorTitles": ["Stack Interface", "toArray"],
          "fullName": "Stack Interface toArray should return empty array for empty stack",
          "status": "passed",
          "title": "should return empty array for empty stack",
          "duration": 0.07859999999993761,
          "failureMessages": [],
          "meta": {},
          "tags": []
        },
        {
          "ancestorTitles": ["Stack Interface", "type validation"],
          "fullName": "Stack Interface type validation should enforce type consistency by default",
          "status": "passed",
          "title": "should enforce type consistency by default",
          "duration": 0.23140000000000782,
          "failureMessages": [],
          "meta": {},
          "tags": []
        },
        {
          "ancestorTitles": ["LinkedStack - Core Methods", "push and pop"],
          "fullName": "LinkedStack - Core Methods push and pop should push elements and pop them in LIFO order",
          "status": "passed",
          "title": "should push elements and pop them in LIFO order",
          "duration": 0.17200000000002547,
          "failureMessages": [],
          "meta": {},
          "tags": []
        },
        {
          "ancestorTitles": ["LinkedStack - Core Methods", "push and pop"],
          "fullName": "LinkedStack - Core Methods push and pop should handle large number of operations",
          "status": "passed",
          "title": "should handle large number of operations",
          "duration": 1.6981000000000677,
          "failureMessages": [],
          "meta": {},
          "tags": []
        },
        {
          "ancestorTitles": ["LinkedStack - Core Methods", "peek"],
          "fullName": "LinkedStack - Core Methods peek should return the top element without removing it",
          "status": "passed",
          "title": "should return the top element without removing it",
          "duration": 0.21889999999996235,
          "failureMessages": [],
          "meta": {},
          "tags": []
        },
        {
          "ancestorTitles": ["LinkedStack - Core Methods", "peek"],
          "fullName": "LinkedStack - Core Methods peek should return undefined on empty stack",
          "status": "passed",
          "title": "should return undefined on empty stack",
          "duration": 0.302599999999984,
          "failureMessages": [],
          "meta": {},
          "tags": []
        },
        {
          "ancestorTitles": ["LinkedStack - Core Methods", "clear"],
          "fullName": "LinkedStack - Core Methods clear should remove all elements",
          "status": "passed",
          "title": "should remove all elements",
          "duration": 0.2503000000000384,
          "failureMessages": [],
          "meta": {},
          "tags": []
        },
        {
          "ancestorTitles": ["LinkedStack - Core Methods", "clear"],
          "fullName": "LinkedStack - Core Methods clear should allow pushing after clearing",
          "status": "passed",
          "title": "should allow pushing after clearing",
          "duration": 0.1490999999999758,
          "failureMessages": [],
          "meta": {},
          "tags": []
        },
        {
          "ancestorTitles": [
            "LinkedStack - Core Methods",
            "contains and remove"
          ],
          "fullName": "LinkedStack - Core Methods contains and remove should confirm containment and remove elements",
          "status": "passed",
          "title": "should confirm containment and remove elements",
          "duration": 0.11860000000001492,
          "failureMessages": [],
          "meta": {},
          "tags": []
        },
        {
          "ancestorTitles": [
            "LinkedStack - Core Methods",
            "contains and remove"
          ],
          "fullName": "LinkedStack - Core Methods contains and remove should return false when removing non-existent element",
          "status": "passed",
          "title": "should return false when removing non-existent element",
          "duration": 0.07100000000002638,
          "failureMessages": [],
          "meta": {},
          "tags": []
        },
        {
          "ancestorTitles": ["LinkedStack - Core Methods", "toArray"],
          "fullName": "LinkedStack - Core Methods toArray should return elements from top to bottom",
          "status": "passed",
          "title": "should return elements from top to bottom",
          "duration": 0.18209999999999127,
          "failureMessages": [],
          "meta": {},
          "tags": []
        },
        {
          "ancestorTitles": ["LinkedStack - Core Methods", "toArray"],
          "fullName": "LinkedStack - Core Methods toArray should return independent array",
          "status": "passed",
          "title": "should return independent array",
          "duration": 0.2037000000000262,
          "failureMessages": [],
          "meta": {},
          "tags": []
        },
        {
          "ancestorTitles": [
            "LinkedStack - Core Methods",
            "different data types"
          ],
          "fullName": "LinkedStack - Core Methods different data types should work with string elements",
          "status": "passed",
          "title": "should work with string elements",
          "duration": 0.08830000000000382,
          "failureMessages": [],
          "meta": {},
          "tags": []
        },
        {
          "ancestorTitles": [
            "LinkedStack - Core Methods",
            "different data types"
          ],
          "fullName": "LinkedStack - Core Methods different data types should work with object elements",
          "status": "passed",
          "title": "should work with object elements",
          "duration": 0.10490000000004329,
          "failureMessages": [],
          "meta": {},
          "tags": []
        }
      ],
      "startTime": 1776795552920,
      "endTime": 1776795552933.105,
      "status": "passed",
      "message": "",
      "name": "E:/ts-collections/test/stack/LinkedStack.test.ts"
    },
    {
      "assertionResults": [],
      "startTime": 1776795551820,
      "endTime": 1776795551820,
      "status": "failed",
      "message": "Cannot find package 'yaml' imported from E:/ts-collections/test/workflows/github-actions.test.ts",
      "name": "E:/ts-collections/test/workflows/github-actions.test.ts"
    }
  ]
}
